2024-08-06 09:42:57 LogWrapper init() ./logs/CandleWorker_USD_CAD.log
2024-08-06 09:42:57 Created CandleWorker for USD_CAD {'n_ma': 12, 'n_std': 2.0, 'maxspread': 0.0004, 'mingain': 0.0006, 'riskreward': 1.5, 'pair': 'USD_CAD'}
2024-08-06 09:43:01 process_candles:
       PAIR                      time    mid_c    mid_o   SL   TP   SPREAD      GAIN     LOSS  SIGNAL
44  USD_CAD 2024-08-06 07:38:00+00:00  1.38394  1.38394  0.0  0.0  0.00021  0.000154  1.38394       0
45  USD_CAD 2024-08-06 07:39:00+00:00  1.38405  1.38394  0.0  0.0  0.00020  0.000251  1.38405       0
46  USD_CAD 2024-08-06 07:40:00+00:00  1.38413  1.38406  0.0  0.0  0.00020  0.000303  1.38413       0
47  USD_CAD 2024-08-06 07:41:00+00:00  1.38421  1.38416  0.0  0.0  0.00018  0.000331  1.38421       0
48  USD_CAD 2024-08-06 07:42:00+00:00  1.38413  1.38420  0.0  0.0  0.00020  0.000211  1.38413       0
2024-08-06 09:44:00 process_candles:
       PAIR                      time    mid_c    mid_o   SL   TP   SPREAD      GAIN     LOSS  SIGNAL
45  USD_CAD 2024-08-06 07:39:00+00:00  1.38405  1.38394  0.0  0.0  0.00020  0.000251  1.38405       0
46  USD_CAD 2024-08-06 07:40:00+00:00  1.38413  1.38406  0.0  0.0  0.00020  0.000303  1.38413       0
47  USD_CAD 2024-08-06 07:41:00+00:00  1.38421  1.38416  0.0  0.0  0.00018  0.000331  1.38421       0
48  USD_CAD 2024-08-06 07:42:00+00:00  1.38413  1.38420  0.0  0.0  0.00020  0.000211  1.38413       0
49  USD_CAD 2024-08-06 07:43:00+00:00  1.38391  1.38412  0.0  0.0  0.00020  0.000034  1.38391       0
2024-08-06 09:45:00 process_candles:
       PAIR                      time    mid_c    mid_o   SL   TP   SPREAD      GAIN     LOSS  SIGNAL
45  USD_CAD 2024-08-06 07:40:00+00:00  1.38413  1.38406  0.0  0.0  0.00020  0.000303  1.38413       0
46  USD_CAD 2024-08-06 07:41:00+00:00  1.38421  1.38416  0.0  0.0  0.00018  0.000331  1.38421       0
47  USD_CAD 2024-08-06 07:42:00+00:00  1.38413  1.38420  0.0  0.0  0.00020  0.000211  1.38413       0
48  USD_CAD 2024-08-06 07:43:00+00:00  1.38391  1.38412  0.0  0.0  0.00020  0.000034  1.38391       0
49  USD_CAD 2024-08-06 07:44:00+00:00  1.38372  1.38390  0.0  0.0  0.00017  0.000228  1.38372       0
2024-08-06 09:46:01 process_candles:
       PAIR                      time    mid_c    mid_o   SL   TP   SPREAD      GAIN     LOSS  SIGNAL
44  USD_CAD 2024-08-06 07:41:00+00:00  1.38421  1.38416  0.0  0.0  0.00018  0.000331  1.38421       0
45  USD_CAD 2024-08-06 07:42:00+00:00  1.38413  1.38420  0.0  0.0  0.00020  0.000211  1.38413       0
46  USD_CAD 2024-08-06 07:43:00+00:00  1.38391  1.38412  0.0  0.0  0.00020  0.000034  1.38391       0
47  USD_CAD 2024-08-06 07:44:00+00:00  1.38372  1.38390  0.0  0.0  0.00017  0.000228  1.38372       0
48  USD_CAD 2024-08-06 07:45:00+00:00  1.38362  1.38372  0.0  0.0  0.00018  0.000328  1.38362       0
2024-08-06 09:47:00 process_candles:
       PAIR                      time    mid_c    mid_o   SL   TP   SPREAD      GAIN     LOSS  SIGNAL
45  USD_CAD 2024-08-06 07:42:00+00:00  1.38413  1.38420  0.0  0.0  0.00020  0.000211  1.38413       0
46  USD_CAD 2024-08-06 07:43:00+00:00  1.38391  1.38412  0.0  0.0  0.00020  0.000034  1.38391       0
47  USD_CAD 2024-08-06 07:44:00+00:00  1.38372  1.38390  0.0  0.0  0.00017  0.000228  1.38372       0
48  USD_CAD 2024-08-06 07:45:00+00:00  1.38362  1.38372  0.0  0.0  0.00018  0.000328  1.38362       0
49  USD_CAD 2024-08-06 07:46:00+00:00  1.38338  1.38362  0.0  0.0  0.00021  0.000546  1.38338       0
2024-08-06 09:48:00 process_candles:
       PAIR                      time    mid_c    mid_o   SL   TP   SPREAD      GAIN     LOSS  SIGNAL
45  USD_CAD 2024-08-06 07:43:00+00:00  1.38391  1.38412  0.0  0.0  0.00020  0.000034  1.38391       0
46  USD_CAD 2024-08-06 07:44:00+00:00  1.38372  1.38390  0.0  0.0  0.00017  0.000228  1.38372       0
47  USD_CAD 2024-08-06 07:45:00+00:00  1.38362  1.38372  0.0  0.0  0.00018  0.000328  1.38362       0
48  USD_CAD 2024-08-06 07:46:00+00:00  1.38338  1.38362  0.0  0.0  0.00021  0.000546  1.38338       0
49  USD_CAD 2024-08-06 07:47:00+00:00  1.38338  1.38338  0.0  0.0  0.00021  0.000508  1.38338       0
2024-08-06 09:49:00 process_candles:
       PAIR                      time    mid_c    mid_o   SL   TP   SPREAD      GAIN     LOSS  SIGNAL
45  USD_CAD 2024-08-06 07:44:00+00:00  1.38372  1.38390  0.0  0.0  0.00017  0.000228  1.38372       0
46  USD_CAD 2024-08-06 07:45:00+00:00  1.38362  1.38372  0.0  0.0  0.00018  0.000328  1.38362       0
47  USD_CAD 2024-08-06 07:46:00+00:00  1.38338  1.38362  0.0  0.0  0.00021  0.000546  1.38338       0
48  USD_CAD 2024-08-06 07:47:00+00:00  1.38338  1.38338  0.0  0.0  0.00021  0.000508  1.38338       0
49  USD_CAD 2024-08-06 07:48:00+00:00  1.38336  1.38336  0.0  0.0  0.00017  0.000481  1.38336       0
2024-08-06 09:50:00 process_candles:
       PAIR                      time    mid_c    mid_o   SL   TP   SPREAD      GAIN     LOSS  SIGNAL
45  USD_CAD 2024-08-06 07:45:00+00:00  1.38362  1.38372  0.0  0.0  0.00018  0.000328  1.38362       0
46  USD_CAD 2024-08-06 07:46:00+00:00  1.38338  1.38362  0.0  0.0  0.00021  0.000546  1.38338       0
47  USD_CAD 2024-08-06 07:47:00+00:00  1.38338  1.38338  0.0  0.0  0.00021  0.000508  1.38338       0
48  USD_CAD 2024-08-06 07:48:00+00:00  1.38336  1.38336  0.0  0.0  0.00017  0.000481  1.38336       0
49  USD_CAD 2024-08-06 07:49:00+00:00  1.38356  1.38339  0.0  0.0  0.00021  0.000245  1.38356       0
2024-08-06 09:51:00 process_candles:
       PAIR                      time    mid_c    mid_o   SL   TP   SPREAD      GAIN     LOSS  SIGNAL
45  USD_CAD 2024-08-06 07:46:00+00:00  1.38338  1.38362  0.0  0.0  0.00021  0.000546  1.38338       0
46  USD_CAD 2024-08-06 07:47:00+00:00  1.38338  1.38338  0.0  0.0  0.00021  0.000508  1.38338       0
47  USD_CAD 2024-08-06 07:48:00+00:00  1.38336  1.38336  0.0  0.0  0.00017  0.000481  1.38336       0
48  USD_CAD 2024-08-06 07:49:00+00:00  1.38356  1.38339  0.0  0.0  0.00021  0.000245  1.38356       0
49  USD_CAD 2024-08-06 07:50:00+00:00  1.38356  1.38356  0.0  0.0  0.00019  0.000216  1.38356       0
2024-08-06 09:52:00 process_candles:
       PAIR                      time    mid_c    mid_o   SL   TP   SPREAD      GAIN     LOSS  SIGNAL
45  USD_CAD 2024-08-06 07:47:00+00:00  1.38338  1.38338  0.0  0.0  0.00021  0.000508  1.38338       0
46  USD_CAD 2024-08-06 07:48:00+00:00  1.38336  1.38336  0.0  0.0  0.00017  0.000481  1.38336       0
47  USD_CAD 2024-08-06 07:49:00+00:00  1.38356  1.38339  0.0  0.0  0.00021  0.000245  1.38356       0
48  USD_CAD 2024-08-06 07:50:00+00:00  1.38356  1.38356  0.0  0.0  0.00019  0.000216  1.38356       0
49  USD_CAD 2024-08-06 07:51:00+00:00  1.38360  1.38357  0.0  0.0  0.00018  0.000135  1.38360       0
2024-08-06 09:53:00 process_candles:
       PAIR                      time    mid_c    mid_o   SL   TP   SPREAD      GAIN     LOSS  SIGNAL
45  USD_CAD 2024-08-06 07:48:00+00:00  1.38336  1.38336  0.0  0.0  0.00017  0.000481  1.38336       0
46  USD_CAD 2024-08-06 07:49:00+00:00  1.38356  1.38339  0.0  0.0  0.00021  0.000245  1.38356       0
47  USD_CAD 2024-08-06 07:50:00+00:00  1.38356  1.38356  0.0  0.0  0.00019  0.000216  1.38356       0
48  USD_CAD 2024-08-06 07:51:00+00:00  1.38360  1.38357  0.0  0.0  0.00018  0.000135  1.38360       0
49  USD_CAD 2024-08-06 07:52:00+00:00  1.38344  1.38360  0.0  0.0  0.00021  0.000241  1.38344       0
2024-08-06 09:54:00 process_candles:
       PAIR                      time    mid_c    mid_o   SL   TP   SPREAD      GAIN     LOSS  SIGNAL
45  USD_CAD 2024-08-06 07:49:00+00:00  1.38356  1.38339  0.0  0.0  0.00021  0.000245  1.38356       0
46  USD_CAD 2024-08-06 07:50:00+00:00  1.38356  1.38356  0.0  0.0  0.00019  0.000216  1.38356       0
47  USD_CAD 2024-08-06 07:51:00+00:00  1.38360  1.38357  0.0  0.0  0.00018  0.000135  1.38360       0
48  USD_CAD 2024-08-06 07:52:00+00:00  1.38344  1.38360  0.0  0.0  0.00021  0.000241  1.38344       0
49  USD_CAD 2024-08-06 07:53:00+00:00  1.38378  1.38346  0.0  0.0  0.00019  0.000148  1.38378       0
2024-08-06 09:55:00 process_candles:
       PAIR                      time    mid_c    mid_o   SL   TP   SPREAD      GAIN     LOSS  SIGNAL
45  USD_CAD 2024-08-06 07:50:00+00:00  1.38356  1.38356  0.0  0.0  0.00019  0.000216  1.38356       0
46  USD_CAD 2024-08-06 07:51:00+00:00  1.38360  1.38357  0.0  0.0  0.00018  0.000135  1.38360       0
47  USD_CAD 2024-08-06 07:52:00+00:00  1.38344  1.38360  0.0  0.0  0.00021  0.000241  1.38344       0
48  USD_CAD 2024-08-06 07:53:00+00:00  1.38378  1.38346  0.0  0.0  0.00019  0.000148  1.38378       0
49  USD_CAD 2024-08-06 07:54:00+00:00  1.38388  1.38378  0.0  0.0  0.00021  0.000273  1.38388       0
2024-08-06 09:56:00 process_candles:
       PAIR                      time    mid_c    mid_o   SL   TP   SPREAD      GAIN     LOSS  SIGNAL
45  USD_CAD 2024-08-06 07:51:00+00:00  1.38360  1.38357  0.0  0.0  0.00018  0.000135  1.38360       0
46  USD_CAD 2024-08-06 07:52:00+00:00  1.38344  1.38360  0.0  0.0  0.00021  0.000241  1.38344       0
47  USD_CAD 2024-08-06 07:53:00+00:00  1.38378  1.38346  0.0  0.0  0.00019  0.000148  1.38378       0
48  USD_CAD 2024-08-06 07:54:00+00:00  1.38388  1.38378  0.0  0.0  0.00021  0.000273  1.38388       0
49  USD_CAD 2024-08-06 07:55:00+00:00  1.38410  1.38387  0.0  0.0  0.00021  0.000489  1.38410       0
2024-08-06 09:57:00 process_candles:
       PAIR                      time    mid_c    mid_o   SL   TP   SPREAD      GAIN     LOSS  SIGNAL
45  USD_CAD 2024-08-06 07:52:00+00:00  1.38344  1.38360  0.0  0.0  0.00021  0.000241  1.38344       0
46  USD_CAD 2024-08-06 07:53:00+00:00  1.38378  1.38346  0.0  0.0  0.00019  0.000148  1.38378       0
47  USD_CAD 2024-08-06 07:54:00+00:00  1.38388  1.38378  0.0  0.0  0.00021  0.000273  1.38388       0
48  USD_CAD 2024-08-06 07:55:00+00:00  1.38410  1.38387  0.0  0.0  0.00021  0.000489  1.38410       0
49  USD_CAD 2024-08-06 07:56:00+00:00  1.38372  1.38408  0.0  0.0  0.00020  0.000105  1.38372       0
2024-08-06 09:58:00 process_candles:
       PAIR                      time    mid_c    mid_o   SL   TP   SPREAD      GAIN     LOSS  SIGNAL
45  USD_CAD 2024-08-06 07:53:00+00:00  1.38378  1.38346  0.0  0.0  0.00019  0.000148  1.38378       0
46  USD_CAD 2024-08-06 07:54:00+00:00  1.38388  1.38378  0.0  0.0  0.00021  0.000273  1.38388       0
47  USD_CAD 2024-08-06 07:55:00+00:00  1.38410  1.38387  0.0  0.0  0.00021  0.000489  1.38410       0
48  USD_CAD 2024-08-06 07:56:00+00:00  1.38372  1.38408  0.0  0.0  0.00020  0.000105  1.38372       0
49  USD_CAD 2024-08-06 07:57:00+00:00  1.38368  1.38372  0.0  0.0  0.00018  0.000063  1.38368       0
2024-08-06 09:59:01 process_candles:
       PAIR                      time    mid_c    mid_o   SL   TP   SPREAD      GAIN     LOSS  SIGNAL
44  USD_CAD 2024-08-06 07:54:00+00:00  1.38388  1.38378  0.0  0.0  0.00021  0.000273  1.38388       0
45  USD_CAD 2024-08-06 07:55:00+00:00  1.38410  1.38387  0.0  0.0  0.00021  0.000489  1.38410       0
46  USD_CAD 2024-08-06 07:56:00+00:00  1.38372  1.38408  0.0  0.0  0.00020  0.000105  1.38372       0
47  USD_CAD 2024-08-06 07:57:00+00:00  1.38368  1.38372  0.0  0.0  0.00018  0.000063  1.38368       0
48  USD_CAD 2024-08-06 07:58:00+00:00  1.38345  1.38368  0.0  0.0  0.00018  0.000174  1.38345       0
2024-08-06 10:00:00 process_candles:
       PAIR                      time    mid_c    mid_o   SL   TP   SPREAD      GAIN     LOSS  SIGNAL
45  USD_CAD 2024-08-06 07:55:00+00:00  1.38410  1.38387  0.0  0.0  0.00021  0.000489  1.38410       0
46  USD_CAD 2024-08-06 07:56:00+00:00  1.38372  1.38408  0.0  0.0  0.00020  0.000105  1.38372       0
47  USD_CAD 2024-08-06 07:57:00+00:00  1.38368  1.38372  0.0  0.0  0.00018  0.000063  1.38368       0
48  USD_CAD 2024-08-06 07:58:00+00:00  1.38345  1.38368  0.0  0.0  0.00018  0.000174  1.38345       0
49  USD_CAD 2024-08-06 07:59:00+00:00  1.38346  1.38346  0.0  0.0  0.00015  0.000169  1.38346       0
2024-08-06 10:01:01 process_candles:
       PAIR                      time    mid_c    mid_o   SL   TP   SPREAD      GAIN     LOSS  SIGNAL
44  USD_CAD 2024-08-06 07:56:00+00:00  1.38372  1.38408  0.0  0.0  0.00020  0.000105  1.38372       0
45  USD_CAD 2024-08-06 07:57:00+00:00  1.38368  1.38372  0.0  0.0  0.00018  0.000063  1.38368       0
46  USD_CAD 2024-08-06 07:58:00+00:00  1.38345  1.38368  0.0  0.0  0.00018  0.000174  1.38345       0
47  USD_CAD 2024-08-06 07:59:00+00:00  1.38346  1.38346  0.0  0.0  0.00015  0.000169  1.38346       0
48  USD_CAD 2024-08-06 08:00:00+00:00  1.38372  1.38344  0.0  0.0  0.00016  0.000077  1.38372       0
2024-08-06 10:02:01 process_candles:
       PAIR                      time    mid_c    mid_o   SL   TP   SPREAD      GAIN     LOSS  SIGNAL
44  USD_CAD 2024-08-06 07:57:00+00:00  1.38368  1.38372  0.0  0.0  0.00018  0.000063  1.38368       0
45  USD_CAD 2024-08-06 07:58:00+00:00  1.38345  1.38368  0.0  0.0  0.00018  0.000174  1.38345       0
46  USD_CAD 2024-08-06 07:59:00+00:00  1.38346  1.38346  0.0  0.0  0.00015  0.000169  1.38346       0
47  USD_CAD 2024-08-06 08:00:00+00:00  1.38372  1.38344  0.0  0.0  0.00016  0.000077  1.38372       0
48  USD_CAD 2024-08-06 08:01:00+00:00  1.38372  1.38369  0.0  0.0  0.00020  0.000065  1.38372       0
2024-08-06 10:03:00 process_candles:
       PAIR                      time    mid_c    mid_o   SL   TP   SPREAD      GAIN     LOSS  SIGNAL
45  USD_CAD 2024-08-06 07:58:00+00:00  1.38345  1.38368  0.0  0.0  0.00018  0.000174  1.38345       0
46  USD_CAD 2024-08-06 07:59:00+00:00  1.38346  1.38346  0.0  0.0  0.00015  0.000169  1.38346       0
47  USD_CAD 2024-08-06 08:00:00+00:00  1.38372  1.38344  0.0  0.0  0.00016  0.000077  1.38372       0
48  USD_CAD 2024-08-06 08:01:00+00:00  1.38372  1.38369  0.0  0.0  0.00020  0.000065  1.38372       0
49  USD_CAD 2024-08-06 08:02:00+00:00  1.38355  1.38372  0.0  0.0  0.00020  0.000106  1.38355       0
2024-08-06 10:04:01 process_candles:
       PAIR                      time    mid_c    mid_o   SL   TP   SPREAD      GAIN     LOSS  SIGNAL
44  USD_CAD 2024-08-06 07:59:00+00:00  1.38346  1.38346  0.0  0.0  0.00015  0.000169  1.38346       0
45  USD_CAD 2024-08-06 08:00:00+00:00  1.38372  1.38344  0.0  0.0  0.00016  0.000077  1.38372       0
46  USD_CAD 2024-08-06 08:01:00+00:00  1.38372  1.38369  0.0  0.0  0.00020  0.000065  1.38372       0
47  USD_CAD 2024-08-06 08:02:00+00:00  1.38355  1.38372  0.0  0.0  0.00020  0.000106  1.38355       0
48  USD_CAD 2024-08-06 08:03:00+00:00  1.38347  1.38354  0.0  0.0  0.00020  0.000178  1.38347       0
2024-08-06 10:05:00 process_candles:
       PAIR                      time    mid_c    mid_o   SL   TP   SPREAD      GAIN     LOSS  SIGNAL
45  USD_CAD 2024-08-06 08:00:00+00:00  1.38372  1.38344  0.0  0.0  0.00016  0.000077  1.38372       0
46  USD_CAD 2024-08-06 08:01:00+00:00  1.38372  1.38369  0.0  0.0  0.00020  0.000065  1.38372       0
47  USD_CAD 2024-08-06 08:02:00+00:00  1.38355  1.38372  0.0  0.0  0.00020  0.000106  1.38355       0
48  USD_CAD 2024-08-06 08:03:00+00:00  1.38347  1.38354  0.0  0.0  0.00020  0.000178  1.38347       0
49  USD_CAD 2024-08-06 08:04:00+00:00  1.38363  1.38348  0.0  0.0  0.00020  0.000027  1.38363       0
