2024-08-06 09:42:57 LogWrapper init() ./logs/CandleWorker_GBP_USD.log
2024-08-06 09:42:57 Created CandleWorker for GBP_USD {'n_ma': 12, 'n_std': 2.0, 'maxspread': 0.0004, 'mingain': 0.0006, 'riskreward': 1.5, 'pair': 'GBP_USD'}
2024-08-06 09:43:01 process_candles:
       PAIR                      time    mid_c    mid_o        SL        TP   SPREAD      GAIN      LOSS  SIGNAL
44  GBP_USD 2024-08-06 07:38:00+00:00  1.27430  1.27462  0.000000  0.000000  0.00018  0.000607  1.274300       0
45  GBP_USD 2024-08-06 07:39:00+00:00  1.27386  1.27430  1.273206  1.274841  0.00020  0.000981  0.000654       1
46  GBP_USD 2024-08-06 07:40:00+00:00  1.27366  1.27385  1.272940  1.274740  0.00018  0.001080  0.000720       1
47  GBP_USD 2024-08-06 07:41:00+00:00  1.27378  1.27368  0.000000  0.000000  0.00020  0.000833  1.273780       0
48  GBP_USD 2024-08-06 07:42:00+00:00  1.27369  1.27378  0.000000  0.000000  0.00020  0.000793  1.273690       0
2024-08-06 09:44:00 process_candles:
       PAIR                      time    mid_c    mid_o        SL        TP   SPREAD      GAIN      LOSS  SIGNAL
45  GBP_USD 2024-08-06 07:39:00+00:00  1.27386  1.27430  1.273206  1.274841  0.00020  0.000981  0.000654       1
46  GBP_USD 2024-08-06 07:40:00+00:00  1.27366  1.27385  1.272940  1.274740  0.00018  0.001080  0.000720       1
47  GBP_USD 2024-08-06 07:41:00+00:00  1.27378  1.27368  0.000000  0.000000  0.00020  0.000833  1.273780       0
48  GBP_USD 2024-08-06 07:42:00+00:00  1.27369  1.27378  0.000000  0.000000  0.00020  0.000793  1.273690       0
49  GBP_USD 2024-08-06 07:43:00+00:00  1.27400  1.27366  0.000000  0.000000  0.00017  0.000374  1.274000       0
2024-08-06 09:45:00 process_candles:
       PAIR                      time    mid_c    mid_o       SL       TP   SPREAD      GAIN     LOSS  SIGNAL
45  GBP_USD 2024-08-06 07:40:00+00:00  1.27366  1.27385  1.27294  1.27474  0.00018  0.001080  0.00072       1
46  GBP_USD 2024-08-06 07:41:00+00:00  1.27378  1.27368  0.00000  0.00000  0.00020  0.000833  1.27378       0
47  GBP_USD 2024-08-06 07:42:00+00:00  1.27369  1.27378  0.00000  0.00000  0.00020  0.000793  1.27369       0
48  GBP_USD 2024-08-06 07:43:00+00:00  1.27400  1.27366  0.00000  0.00000  0.00017  0.000374  1.27400       0
49  GBP_USD 2024-08-06 07:44:00+00:00  1.27421  1.27402  0.00000  0.00000  0.00020  0.000077  1.27421       0
2024-08-06 09:46:00 process_candles:
       PAIR                      time    mid_c    mid_o   SL   TP   SPREAD      GAIN     LOSS  SIGNAL
45  GBP_USD 2024-08-06 07:41:00+00:00  1.27378  1.27368  0.0  0.0  0.00020  0.000833  1.27378       0
46  GBP_USD 2024-08-06 07:42:00+00:00  1.27369  1.27378  0.0  0.0  0.00020  0.000793  1.27369       0
47  GBP_USD 2024-08-06 07:43:00+00:00  1.27400  1.27366  0.0  0.0  0.00017  0.000374  1.27400       0
48  GBP_USD 2024-08-06 07:44:00+00:00  1.27421  1.27402  0.0  0.0  0.00020  0.000077  1.27421       0
49  GBP_USD 2024-08-06 07:45:00+00:00  1.27425  1.27424  0.0  0.0  0.00018  0.000048  1.27425       0
2024-08-06 09:47:00 process_candles:
       PAIR                      time    mid_c    mid_o   SL   TP   SPREAD      GAIN     LOSS  SIGNAL
45  GBP_USD 2024-08-06 07:42:00+00:00  1.27369  1.27378  0.0  0.0  0.00020  0.000793  1.27369       0
46  GBP_USD 2024-08-06 07:43:00+00:00  1.27400  1.27366  0.0  0.0  0.00017  0.000374  1.27400       0
47  GBP_USD 2024-08-06 07:44:00+00:00  1.27421  1.27402  0.0  0.0  0.00020  0.000077  1.27421       0
48  GBP_USD 2024-08-06 07:45:00+00:00  1.27425  1.27424  0.0  0.0  0.00018  0.000048  1.27425       0
49  GBP_USD 2024-08-06 07:46:00+00:00  1.27442  1.27423  0.0  0.0  0.00017  0.000273  1.27442       0
2024-08-06 09:48:00 process_candles:
       PAIR                      time    mid_c    mid_o   SL   TP   SPREAD      GAIN     LOSS  SIGNAL
45  GBP_USD 2024-08-06 07:43:00+00:00  1.27400  1.27366  0.0  0.0  0.00017  0.000374  1.27400       0
46  GBP_USD 2024-08-06 07:44:00+00:00  1.27421  1.27402  0.0  0.0  0.00020  0.000077  1.27421       0
47  GBP_USD 2024-08-06 07:45:00+00:00  1.27425  1.27424  0.0  0.0  0.00018  0.000048  1.27425       0
48  GBP_USD 2024-08-06 07:46:00+00:00  1.27442  1.27423  0.0  0.0  0.00017  0.000273  1.27442       0
49  GBP_USD 2024-08-06 07:47:00+00:00  1.27414  1.27443  0.0  0.0  0.00020  0.000030  1.27414       0
2024-08-06 09:49:00 process_candles:
       PAIR                      time    mid_c    mid_o   SL   TP   SPREAD      GAIN     LOSS  SIGNAL
45  GBP_USD 2024-08-06 07:44:00+00:00  1.27421  1.27402  0.0  0.0  0.00020  0.000077  1.27421       0
46  GBP_USD 2024-08-06 07:45:00+00:00  1.27425  1.27424  0.0  0.0  0.00018  0.000048  1.27425       0
47  GBP_USD 2024-08-06 07:46:00+00:00  1.27442  1.27423  0.0  0.0  0.00017  0.000273  1.27442       0
48  GBP_USD 2024-08-06 07:47:00+00:00  1.27414  1.27443  0.0  0.0  0.00020  0.000030  1.27414       0
49  GBP_USD 2024-08-06 07:48:00+00:00  1.27418  1.27414  0.0  0.0  0.00016  0.000096  1.27418       0
2024-08-06 09:50:00 process_candles:
       PAIR                      time    mid_c    mid_o   SL   TP   SPREAD      GAIN     LOSS  SIGNAL
45  GBP_USD 2024-08-06 07:45:00+00:00  1.27425  1.27424  0.0  0.0  0.00018  0.000048  1.27425       0
46  GBP_USD 2024-08-06 07:46:00+00:00  1.27442  1.27423  0.0  0.0  0.00017  0.000273  1.27442       0
47  GBP_USD 2024-08-06 07:47:00+00:00  1.27414  1.27443  0.0  0.0  0.00020  0.000030  1.27414       0
48  GBP_USD 2024-08-06 07:48:00+00:00  1.27418  1.27414  0.0  0.0  0.00016  0.000096  1.27418       0
49  GBP_USD 2024-08-06 07:49:00+00:00  1.27377  1.27420  0.0  0.0  0.00020  0.000261  1.27377       0
2024-08-06 09:51:00 process_candles:
       PAIR                      time    mid_c    mid_o   SL   TP   SPREAD      GAIN     LOSS  SIGNAL
45  GBP_USD 2024-08-06 07:46:00+00:00  1.27442  1.27423  0.0  0.0  0.00017  0.000273  1.27442       0
46  GBP_USD 2024-08-06 07:47:00+00:00  1.27414  1.27443  0.0  0.0  0.00020  0.000030  1.27414       0
47  GBP_USD 2024-08-06 07:48:00+00:00  1.27418  1.27414  0.0  0.0  0.00016  0.000096  1.27418       0
48  GBP_USD 2024-08-06 07:49:00+00:00  1.27377  1.27420  0.0  0.0  0.00020  0.000261  1.27377       0
49  GBP_USD 2024-08-06 07:50:00+00:00  1.27366  1.27375  0.0  0.0  0.00020  0.000316  1.27366       0
2024-08-06 09:52:00 process_candles:
       PAIR                      time    mid_c    mid_o   SL   TP   SPREAD      GAIN     LOSS  SIGNAL
45  GBP_USD 2024-08-06 07:47:00+00:00  1.27414  1.27443  0.0  0.0  0.00020  0.000030  1.27414       0
46  GBP_USD 2024-08-06 07:48:00+00:00  1.27418  1.27414  0.0  0.0  0.00016  0.000096  1.27418       0
47  GBP_USD 2024-08-06 07:49:00+00:00  1.27377  1.27420  0.0  0.0  0.00020  0.000261  1.27377       0
48  GBP_USD 2024-08-06 07:50:00+00:00  1.27366  1.27375  0.0  0.0  0.00020  0.000316  1.27366       0
49  GBP_USD 2024-08-06 07:51:00+00:00  1.27359  1.27367  0.0  0.0  0.00020  0.000365  1.27359       0
2024-08-06 09:53:00 process_candles:
       PAIR                      time    mid_c    mid_o   SL   TP   SPREAD      GAIN     LOSS  SIGNAL
45  GBP_USD 2024-08-06 07:48:00+00:00  1.27418  1.27414  0.0  0.0  0.00016  0.000096  1.27418       0
46  GBP_USD 2024-08-06 07:49:00+00:00  1.27377  1.27420  0.0  0.0  0.00020  0.000261  1.27377       0
47  GBP_USD 2024-08-06 07:50:00+00:00  1.27366  1.27375  0.0  0.0  0.00020  0.000316  1.27366       0
48  GBP_USD 2024-08-06 07:51:00+00:00  1.27359  1.27367  0.0  0.0  0.00020  0.000365  1.27359       0
49  GBP_USD 2024-08-06 07:52:00+00:00  1.27374  1.27364  0.0  0.0  0.00021  0.000216  1.27374       0
2024-08-06 09:54:00 process_candles:
       PAIR                      time    mid_c    mid_o   SL   TP   SPREAD      GAIN     LOSS  SIGNAL
45  GBP_USD 2024-08-06 07:49:00+00:00  1.27377  1.27420  0.0  0.0  0.00020  0.000261  1.27377       0
46  GBP_USD 2024-08-06 07:50:00+00:00  1.27366  1.27375  0.0  0.0  0.00020  0.000316  1.27366       0
47  GBP_USD 2024-08-06 07:51:00+00:00  1.27359  1.27367  0.0  0.0  0.00020  0.000365  1.27359       0
48  GBP_USD 2024-08-06 07:52:00+00:00  1.27374  1.27364  0.0  0.0  0.00021  0.000216  1.27374       0
49  GBP_USD 2024-08-06 07:53:00+00:00  1.27360  1.27372  0.0  0.0  0.00019  0.000351  1.27360       0
2024-08-06 09:55:00 process_candles:
       PAIR                      time    mid_c    mid_o   SL   TP   SPREAD      GAIN     LOSS  SIGNAL
45  GBP_USD 2024-08-06 07:50:00+00:00  1.27366  1.27375  0.0  0.0  0.00020  0.000316  1.27366       0
46  GBP_USD 2024-08-06 07:51:00+00:00  1.27359  1.27367  0.0  0.0  0.00020  0.000365  1.27359       0
47  GBP_USD 2024-08-06 07:52:00+00:00  1.27374  1.27364  0.0  0.0  0.00021  0.000216  1.27374       0
48  GBP_USD 2024-08-06 07:53:00+00:00  1.27360  1.27372  0.0  0.0  0.00019  0.000351  1.27360       0
49  GBP_USD 2024-08-06 07:54:00+00:00  1.27354  1.27360  0.0  0.0  0.00019  0.000405  1.27354       0
2024-08-06 09:56:00 process_candles:
       PAIR                      time    mid_c    mid_o   SL   TP   SPREAD      GAIN     LOSS  SIGNAL
45  GBP_USD 2024-08-06 07:51:00+00:00  1.27359  1.27367  0.0  0.0  0.00020  0.000365  1.27359       0
46  GBP_USD 2024-08-06 07:52:00+00:00  1.27374  1.27364  0.0  0.0  0.00021  0.000216  1.27374       0
47  GBP_USD 2024-08-06 07:53:00+00:00  1.27360  1.27372  0.0  0.0  0.00019  0.000351  1.27360       0
48  GBP_USD 2024-08-06 07:54:00+00:00  1.27354  1.27360  0.0  0.0  0.00019  0.000405  1.27354       0
49  GBP_USD 2024-08-06 07:55:00+00:00  1.27348  1.27356  0.0  0.0  0.00019  0.000437  1.27348       0
2024-08-06 09:57:00 process_candles:
       PAIR                      time    mid_c    mid_o   SL   TP   SPREAD      GAIN     LOSS  SIGNAL
45  GBP_USD 2024-08-06 07:52:00+00:00  1.27374  1.27364  0.0  0.0  0.00021  0.000216  1.27374       0
46  GBP_USD 2024-08-06 07:53:00+00:00  1.27360  1.27372  0.0  0.0  0.00019  0.000351  1.27360       0
47  GBP_USD 2024-08-06 07:54:00+00:00  1.27354  1.27360  0.0  0.0  0.00019  0.000405  1.27354       0
48  GBP_USD 2024-08-06 07:55:00+00:00  1.27348  1.27356  0.0  0.0  0.00019  0.000437  1.27348       0
49  GBP_USD 2024-08-06 07:56:00+00:00  1.27373  1.27349  0.0  0.0  0.00018  0.000145  1.27373       0
2024-08-06 09:58:00 process_candles:
       PAIR                      time    mid_c    mid_o   SL   TP   SPREAD      GAIN     LOSS  SIGNAL
45  GBP_USD 2024-08-06 07:53:00+00:00  1.27360  1.27372  0.0  0.0  0.00019  0.000351  1.27360       0
46  GBP_USD 2024-08-06 07:54:00+00:00  1.27354  1.27360  0.0  0.0  0.00019  0.000405  1.27354       0
47  GBP_USD 2024-08-06 07:55:00+00:00  1.27348  1.27356  0.0  0.0  0.00019  0.000437  1.27348       0
48  GBP_USD 2024-08-06 07:56:00+00:00  1.27373  1.27349  0.0  0.0  0.00018  0.000145  1.27373       0
49  GBP_USD 2024-08-06 07:57:00+00:00  1.27394  1.27374  0.0  0.0  0.00019  0.000089  1.27394       0
2024-08-06 09:59:01 process_candles:
       PAIR                      time    mid_c    mid_o   SL   TP   SPREAD      GAIN     LOSS  SIGNAL
44  GBP_USD 2024-08-06 07:54:00+00:00  1.27354  1.27360  0.0  0.0  0.00019  0.000405  1.27354       0
45  GBP_USD 2024-08-06 07:55:00+00:00  1.27348  1.27356  0.0  0.0  0.00019  0.000437  1.27348       0
46  GBP_USD 2024-08-06 07:56:00+00:00  1.27373  1.27349  0.0  0.0  0.00018  0.000145  1.27373       0
47  GBP_USD 2024-08-06 07:57:00+00:00  1.27394  1.27374  0.0  0.0  0.00019  0.000089  1.27394       0
48  GBP_USD 2024-08-06 07:58:00+00:00  1.27417  1.27393  0.0  0.0  0.00018  0.000344  1.27417       0
2024-08-06 10:00:00 process_candles:
       PAIR                      time    mid_c    mid_o   SL   TP   SPREAD      GAIN     LOSS  SIGNAL
45  GBP_USD 2024-08-06 07:55:00+00:00  1.27348  1.27356  0.0  0.0  0.00019  0.000437  1.27348       0
46  GBP_USD 2024-08-06 07:56:00+00:00  1.27373  1.27349  0.0  0.0  0.00018  0.000145  1.27373       0
47  GBP_USD 2024-08-06 07:57:00+00:00  1.27394  1.27374  0.0  0.0  0.00019  0.000089  1.27394       0
48  GBP_USD 2024-08-06 07:58:00+00:00  1.27417  1.27393  0.0  0.0  0.00018  0.000344  1.27417       0
49  GBP_USD 2024-08-06 07:59:00+00:00  1.27403  1.27419  0.0  0.0  0.00018  0.000221  1.27403       0
2024-08-06 10:01:00 process_candles:
       PAIR                      time    mid_c    mid_o   SL   TP   SPREAD      GAIN     LOSS  SIGNAL
45  GBP_USD 2024-08-06 07:56:00+00:00  1.27373  1.27349  0.0  0.0  0.00018  0.000145  1.27373       0
46  GBP_USD 2024-08-06 07:57:00+00:00  1.27394  1.27374  0.0  0.0  0.00019  0.000089  1.27394       0
47  GBP_USD 2024-08-06 07:58:00+00:00  1.27417  1.27393  0.0  0.0  0.00018  0.000344  1.27417       0
48  GBP_USD 2024-08-06 07:59:00+00:00  1.27403  1.27419  0.0  0.0  0.00018  0.000221  1.27403       0
49  GBP_USD 2024-08-06 08:00:00+00:00  1.27373  1.27403  0.0  0.0  0.00020  0.000062  1.27373       0
2024-08-06 10:02:00 process_candles:
       PAIR                      time    mid_c    mid_o   SL   TP   SPREAD      GAIN     LOSS  SIGNAL
45  GBP_USD 2024-08-06 07:57:00+00:00  1.27394  1.27374  0.0  0.0  0.00019  0.000089  1.27394       0
46  GBP_USD 2024-08-06 07:58:00+00:00  1.27417  1.27393  0.0  0.0  0.00018  0.000344  1.27417       0
47  GBP_USD 2024-08-06 07:59:00+00:00  1.27403  1.27419  0.0  0.0  0.00018  0.000221  1.27403       0
48  GBP_USD 2024-08-06 08:00:00+00:00  1.27373  1.27403  0.0  0.0  0.00020  0.000062  1.27373       0
49  GBP_USD 2024-08-06 08:01:00+00:00  1.27363  1.27375  0.0  0.0  0.00018  0.000143  1.27363       0
2024-08-06 10:03:00 process_candles:
       PAIR                      time    mid_c    mid_o   SL   TP   SPREAD      GAIN     LOSS  SIGNAL
45  GBP_USD 2024-08-06 07:58:00+00:00  1.27417  1.27393  0.0  0.0  0.00018  0.000344  1.27417       0
46  GBP_USD 2024-08-06 07:59:00+00:00  1.27403  1.27419  0.0  0.0  0.00018  0.000221  1.27403       0
47  GBP_USD 2024-08-06 08:00:00+00:00  1.27373  1.27403  0.0  0.0  0.00020  0.000062  1.27373       0
48  GBP_USD 2024-08-06 08:01:00+00:00  1.27363  1.27375  0.0  0.0  0.00018  0.000143  1.27363       0
49  GBP_USD 2024-08-06 08:02:00+00:00  1.27365  1.27364  0.0  0.0  0.00020  0.000118  1.27365       0
2024-08-06 10:04:00 process_candles:
       PAIR                      time    mid_c    mid_o   SL   TP   SPREAD      GAIN     LOSS  SIGNAL
45  GBP_USD 2024-08-06 07:59:00+00:00  1.27403  1.27419  0.0  0.0  0.00018  0.000221  1.27403       0
46  GBP_USD 2024-08-06 08:00:00+00:00  1.27373  1.27403  0.0  0.0  0.00020  0.000062  1.27373       0
47  GBP_USD 2024-08-06 08:01:00+00:00  1.27363  1.27375  0.0  0.0  0.00018  0.000143  1.27363       0
48  GBP_USD 2024-08-06 08:02:00+00:00  1.27365  1.27364  0.0  0.0  0.00020  0.000118  1.27365       0
49  GBP_USD 2024-08-06 08:03:00+00:00  1.27371  1.27365  0.0  0.0  0.00018  0.000058  1.27371       0
2024-08-06 10:05:00 process_candles:
       PAIR                      time    mid_c    mid_o   SL   TP   SPREAD      GAIN     LOSS  SIGNAL
45  GBP_USD 2024-08-06 08:00:00+00:00  1.27373  1.27403  0.0  0.0  0.00020  0.000062  1.27373       0
46  GBP_USD 2024-08-06 08:01:00+00:00  1.27363  1.27375  0.0  0.0  0.00018  0.000143  1.27363       0
47  GBP_USD 2024-08-06 08:02:00+00:00  1.27365  1.27364  0.0  0.0  0.00020  0.000118  1.27365       0
48  GBP_USD 2024-08-06 08:03:00+00:00  1.27371  1.27365  0.0  0.0  0.00018  0.000058  1.27371       0
49  GBP_USD 2024-08-06 08:04:00+00:00  1.27331  1.27367  0.0  0.0  0.00018  0.000432  1.27331       0
