2024-08-06 09:42:57 LogWrapper init() ./logs/CandleWorker_EUR_GBP.log
2024-08-06 09:42:57 Created CandleWorker for EUR_GBP {'n_ma': 12, 'n_std': 2.0, 'maxspread': 0.0004, 'mingain': 0.0006, 'riskreward': 1.5, 'pair': 'EUR_GBP'}
2024-08-06 09:43:01 process_candles:
       PAIR                      time    mid_c    mid_o   SL   TP   SPREAD      GAIN     LOSS  SIGNAL
44  EUR_GBP 2024-08-06 07:38:00+00:00  0.85758  0.85752  0.0  0.0  0.00012  0.000076  0.85758       0
45  EUR_GBP 2024-08-06 07:39:00+00:00  0.85770  0.85758  0.0  0.0  0.00015  0.000046  0.85770       0
46  EUR_GBP 2024-08-06 07:40:00+00:00  0.85756  0.85772  0.0  0.0  0.00015  0.000083  0.85756       0
47  EUR_GBP 2024-08-06 07:41:00+00:00  0.85772  0.85758  0.0  0.0  0.00014  0.000067  0.85772       0
48  EUR_GBP 2024-08-06 07:42:00+00:00  0.85786  0.85773  0.0  0.0  0.00014  0.000194  0.85786       0
2024-08-06 09:44:00 process_candles:
       PAIR                      time    mid_c    mid_o   SL   TP   SPREAD      GAIN     LOSS  SIGNAL
45  EUR_GBP 2024-08-06 07:39:00+00:00  0.85770  0.85758  0.0  0.0  0.00015  0.000046  0.85770       0
46  EUR_GBP 2024-08-06 07:40:00+00:00  0.85756  0.85772  0.0  0.0  0.00015  0.000083  0.85756       0
47  EUR_GBP 2024-08-06 07:41:00+00:00  0.85772  0.85758  0.0  0.0  0.00014  0.000067  0.85772       0
48  EUR_GBP 2024-08-06 07:42:00+00:00  0.85786  0.85773  0.0  0.0  0.00014  0.000194  0.85786       0
49  EUR_GBP 2024-08-06 07:43:00+00:00  0.85766  0.85784  0.0  0.0  0.00011  0.000007  0.85766       0
2024-08-06 09:45:00 process_candles:
       PAIR                      time    mid_c    mid_o   SL   TP   SPREAD      GAIN     LOSS  SIGNAL
45  EUR_GBP 2024-08-06 07:40:00+00:00  0.85756  0.85772  0.0  0.0  0.00015  0.000083  0.85756       0
46  EUR_GBP 2024-08-06 07:41:00+00:00  0.85772  0.85758  0.0  0.0  0.00014  0.000067  0.85772       0
47  EUR_GBP 2024-08-06 07:42:00+00:00  0.85786  0.85773  0.0  0.0  0.00014  0.000194  0.85786       0
48  EUR_GBP 2024-08-06 07:43:00+00:00  0.85766  0.85784  0.0  0.0  0.00011  0.000007  0.85766       0
49  EUR_GBP 2024-08-06 07:44:00+00:00  0.85760  0.85764  0.0  0.0  0.00012  0.000054  0.85760       0
2024-08-06 09:46:00 process_candles:
       PAIR                      time    mid_c    mid_o   SL   TP   SPREAD      GAIN     LOSS  SIGNAL
45  EUR_GBP 2024-08-06 07:41:00+00:00  0.85772  0.85758  0.0  0.0  0.00014  0.000067  0.85772       0
46  EUR_GBP 2024-08-06 07:42:00+00:00  0.85786  0.85773  0.0  0.0  0.00014  0.000194  0.85786       0
47  EUR_GBP 2024-08-06 07:43:00+00:00  0.85766  0.85784  0.0  0.0  0.00011  0.000007  0.85766       0
48  EUR_GBP 2024-08-06 07:44:00+00:00  0.85760  0.85764  0.0  0.0  0.00012  0.000054  0.85760       0
49  EUR_GBP 2024-08-06 07:45:00+00:00  0.85762  0.85760  0.0  0.0  0.00013  0.000036  0.85762       0
2024-08-06 09:47:00 process_candles:
       PAIR                      time    mid_c    mid_o   SL   TP   SPREAD      GAIN     LOSS  SIGNAL
45  EUR_GBP 2024-08-06 07:42:00+00:00  0.85786  0.85773  0.0  0.0  0.00014  0.000194  0.85786       0
46  EUR_GBP 2024-08-06 07:43:00+00:00  0.85766  0.85784  0.0  0.0  0.00011  0.000007  0.85766       0
47  EUR_GBP 2024-08-06 07:44:00+00:00  0.85760  0.85764  0.0  0.0  0.00012  0.000054  0.85760       0
48  EUR_GBP 2024-08-06 07:45:00+00:00  0.85762  0.85760  0.0  0.0  0.00013  0.000036  0.85762       0
49  EUR_GBP 2024-08-06 07:46:00+00:00  0.85756  0.85761  0.0  0.0  0.00013  0.000091  0.85756       0
2024-08-06 09:48:00 process_candles:
       PAIR                      time    mid_c    mid_o   SL   TP   SPREAD      GAIN     LOSS  SIGNAL
45  EUR_GBP 2024-08-06 07:43:00+00:00  0.85766  0.85784  0.0  0.0  0.00011  0.000007  0.85766       0
46  EUR_GBP 2024-08-06 07:44:00+00:00  0.85760  0.85764  0.0  0.0  0.00012  0.000054  0.85760       0
47  EUR_GBP 2024-08-06 07:45:00+00:00  0.85762  0.85760  0.0  0.0  0.00013  0.000036  0.85762       0
48  EUR_GBP 2024-08-06 07:46:00+00:00  0.85756  0.85761  0.0  0.0  0.00013  0.000091  0.85756       0
49  EUR_GBP 2024-08-06 07:47:00+00:00  0.85762  0.85758  0.0  0.0  0.00015  0.000030  0.85762       0
2024-08-06 09:49:00 process_candles:
       PAIR                      time    mid_c    mid_o   SL   TP   SPREAD      GAIN     LOSS  SIGNAL
45  EUR_GBP 2024-08-06 07:44:00+00:00  0.85760  0.85764  0.0  0.0  0.00012  0.000054  0.85760       0
46  EUR_GBP 2024-08-06 07:45:00+00:00  0.85762  0.85760  0.0  0.0  0.00013  0.000036  0.85762       0
47  EUR_GBP 2024-08-06 07:46:00+00:00  0.85756  0.85761  0.0  0.0  0.00013  0.000091  0.85756       0
48  EUR_GBP 2024-08-06 07:47:00+00:00  0.85762  0.85758  0.0  0.0  0.00015  0.000030  0.85762       0
49  EUR_GBP 2024-08-06 07:48:00+00:00  0.85747  0.85762  0.0  0.0  0.00014  0.000165  0.85747       0
2024-08-06 09:50:00 process_candles:
       PAIR                      time    mid_c    mid_o   SL   TP   SPREAD      GAIN     LOSS  SIGNAL
45  EUR_GBP 2024-08-06 07:45:00+00:00  0.85762  0.85760  0.0  0.0  0.00013  0.000036  0.85762       0
46  EUR_GBP 2024-08-06 07:46:00+00:00  0.85756  0.85761  0.0  0.0  0.00013  0.000091  0.85756       0
47  EUR_GBP 2024-08-06 07:47:00+00:00  0.85762  0.85758  0.0  0.0  0.00015  0.000030  0.85762       0
48  EUR_GBP 2024-08-06 07:48:00+00:00  0.85747  0.85762  0.0  0.0  0.00014  0.000165  0.85747       0
49  EUR_GBP 2024-08-06 07:49:00+00:00  0.85752  0.85748  0.0  0.0  0.00015  0.000109  0.85752       0
2024-08-06 09:51:02 process_candles:
       PAIR                      time    mid_c    mid_o   SL   TP   SPREAD      GAIN     LOSS  SIGNAL
44  EUR_GBP 2024-08-06 07:46:00+00:00  0.85756  0.85761  0.0  0.0  0.00013  0.000091  0.85756       0
45  EUR_GBP 2024-08-06 07:47:00+00:00  0.85762  0.85758  0.0  0.0  0.00015  0.000030  0.85762       0
46  EUR_GBP 2024-08-06 07:48:00+00:00  0.85747  0.85762  0.0  0.0  0.00014  0.000165  0.85747       0
47  EUR_GBP 2024-08-06 07:49:00+00:00  0.85752  0.85748  0.0  0.0  0.00015  0.000109  0.85752       0
48  EUR_GBP 2024-08-06 07:50:00+00:00  0.85770  0.85752  0.0  0.0  0.00015  0.000062  0.85770       0
2024-08-06 09:52:00 process_candles:
       PAIR                      time    mid_c    mid_o   SL   TP   SPREAD      GAIN     LOSS  SIGNAL
45  EUR_GBP 2024-08-06 07:47:00+00:00  0.85762  0.85758  0.0  0.0  0.00015  0.000030  0.85762       0
46  EUR_GBP 2024-08-06 07:48:00+00:00  0.85747  0.85762  0.0  0.0  0.00014  0.000165  0.85747       0
47  EUR_GBP 2024-08-06 07:49:00+00:00  0.85752  0.85748  0.0  0.0  0.00015  0.000109  0.85752       0
48  EUR_GBP 2024-08-06 07:50:00+00:00  0.85770  0.85752  0.0  0.0  0.00015  0.000062  0.85770       0
49  EUR_GBP 2024-08-06 07:51:00+00:00  0.85770  0.85772  0.0  0.0  0.00013  0.000067  0.85770       0
2024-08-06 09:53:00 process_candles:
       PAIR                      time    mid_c    mid_o   SL   TP   SPREAD      GAIN     LOSS  SIGNAL
45  EUR_GBP 2024-08-06 07:48:00+00:00  0.85747  0.85762  0.0  0.0  0.00014  0.000165  0.85747       0
46  EUR_GBP 2024-08-06 07:49:00+00:00  0.85752  0.85748  0.0  0.0  0.00015  0.000109  0.85752       0
47  EUR_GBP 2024-08-06 07:50:00+00:00  0.85770  0.85752  0.0  0.0  0.00015  0.000062  0.85770       0
48  EUR_GBP 2024-08-06 07:51:00+00:00  0.85770  0.85772  0.0  0.0  0.00013  0.000067  0.85770       0
49  EUR_GBP 2024-08-06 07:52:00+00:00  0.85764  0.85767  0.0  0.0  0.00014  0.000002  0.85764       0
2024-08-06 09:54:00 process_candles:
       PAIR                      time    mid_c    mid_o   SL   TP   SPREAD      GAIN     LOSS  SIGNAL
45  EUR_GBP 2024-08-06 07:49:00+00:00  0.85752  0.85748  0.0  0.0  0.00015  0.000109  0.85752       0
46  EUR_GBP 2024-08-06 07:50:00+00:00  0.85770  0.85752  0.0  0.0  0.00015  0.000062  0.85770       0
47  EUR_GBP 2024-08-06 07:51:00+00:00  0.85770  0.85772  0.0  0.0  0.00013  0.000067  0.85770       0
48  EUR_GBP 2024-08-06 07:52:00+00:00  0.85764  0.85767  0.0  0.0  0.00014  0.000002  0.85764       0
49  EUR_GBP 2024-08-06 07:53:00+00:00  0.85769  0.85768  0.0  0.0  0.00012  0.000053  0.85769       0
2024-08-06 09:55:00 process_candles:
       PAIR                      time    mid_c    mid_o   SL   TP   SPREAD      GAIN     LOSS  SIGNAL
45  EUR_GBP 2024-08-06 07:50:00+00:00  0.85770  0.85752  0.0  0.0  0.00015  0.000062  0.85770       0
46  EUR_GBP 2024-08-06 07:51:00+00:00  0.85770  0.85772  0.0  0.0  0.00013  0.000067  0.85770       0
47  EUR_GBP 2024-08-06 07:52:00+00:00  0.85764  0.85767  0.0  0.0  0.00014  0.000002  0.85764       0
48  EUR_GBP 2024-08-06 07:53:00+00:00  0.85769  0.85768  0.0  0.0  0.00012  0.000053  0.85769       0
49  EUR_GBP 2024-08-06 07:54:00+00:00  0.85771  0.85770  0.0  0.0  0.00012  0.000084  0.85771       0
2024-08-06 09:56:00 process_candles:
       PAIR                      time    mid_c    mid_o   SL   TP   SPREAD      GAIN     LOSS  SIGNAL
45  EUR_GBP 2024-08-06 07:51:00+00:00  0.85770  0.85772  0.0  0.0  0.00013  0.000067  0.85770       0
46  EUR_GBP 2024-08-06 07:52:00+00:00  0.85764  0.85767  0.0  0.0  0.00014  0.000002  0.85764       0
47  EUR_GBP 2024-08-06 07:53:00+00:00  0.85769  0.85768  0.0  0.0  0.00012  0.000053  0.85769       0
48  EUR_GBP 2024-08-06 07:54:00+00:00  0.85771  0.85770  0.0  0.0  0.00012  0.000084  0.85771       0
49  EUR_GBP 2024-08-06 07:55:00+00:00  0.85766  0.85770  0.0  0.0  0.00014  0.000042  0.85766       0
2024-08-06 09:57:00 process_candles:
       PAIR                      time    mid_c    mid_o   SL   TP   SPREAD      GAIN     LOSS  SIGNAL
45  EUR_GBP 2024-08-06 07:52:00+00:00  0.85764  0.85767  0.0  0.0  0.00014  0.000002  0.85764       0
46  EUR_GBP 2024-08-06 07:53:00+00:00  0.85769  0.85768  0.0  0.0  0.00012  0.000053  0.85769       0
47  EUR_GBP 2024-08-06 07:54:00+00:00  0.85771  0.85770  0.0  0.0  0.00012  0.000084  0.85771       0
48  EUR_GBP 2024-08-06 07:55:00+00:00  0.85766  0.85770  0.0  0.0  0.00014  0.000042  0.85766       0
49  EUR_GBP 2024-08-06 07:56:00+00:00  0.85770  0.85767  0.0  0.0  0.00014  0.000074  0.85770       0
2024-08-06 09:58:01 process_candles:
       PAIR                      time    mid_c    mid_o   SL   TP   SPREAD      GAIN     LOSS  SIGNAL
44  EUR_GBP 2024-08-06 07:53:00+00:00  0.85769  0.85768  0.0  0.0  0.00012  0.000053  0.85769       0
45  EUR_GBP 2024-08-06 07:54:00+00:00  0.85771  0.85770  0.0  0.0  0.00012  0.000084  0.85771       0
46  EUR_GBP 2024-08-06 07:55:00+00:00  0.85766  0.85770  0.0  0.0  0.00014  0.000042  0.85766       0
47  EUR_GBP 2024-08-06 07:56:00+00:00  0.85770  0.85767  0.0  0.0  0.00014  0.000074  0.85770       0
48  EUR_GBP 2024-08-06 07:57:00+00:00  0.85762  0.85770  0.0  0.0  0.00013  0.000006  0.85762       0
2024-08-06 09:59:01 process_candles:
       PAIR                      time    mid_c    mid_o   SL   TP   SPREAD      GAIN     LOSS  SIGNAL
44  EUR_GBP 2024-08-06 07:54:00+00:00  0.85771  0.85770  0.0  0.0  0.00012  0.000084  0.85771       0
45  EUR_GBP 2024-08-06 07:55:00+00:00  0.85766  0.85770  0.0  0.0  0.00014  0.000042  0.85766       0
46  EUR_GBP 2024-08-06 07:56:00+00:00  0.85770  0.85767  0.0  0.0  0.00014  0.000074  0.85770       0
47  EUR_GBP 2024-08-06 07:57:00+00:00  0.85762  0.85770  0.0  0.0  0.00013  0.000006  0.85762       0
48  EUR_GBP 2024-08-06 07:58:00+00:00  0.85748  0.85761  0.0  0.0  0.00011  0.000143  0.85748       0
2024-08-06 10:00:00 process_candles:
       PAIR                      time    mid_c    mid_o   SL   TP   SPREAD      GAIN     LOSS  SIGNAL
45  EUR_GBP 2024-08-06 07:55:00+00:00  0.85766  0.85770  0.0  0.0  0.00014  0.000042  0.85766       0
46  EUR_GBP 2024-08-06 07:56:00+00:00  0.85770  0.85767  0.0  0.0  0.00014  0.000074  0.85770       0
47  EUR_GBP 2024-08-06 07:57:00+00:00  0.85762  0.85770  0.0  0.0  0.00013  0.000006  0.85762       0
48  EUR_GBP 2024-08-06 07:58:00+00:00  0.85748  0.85761  0.0  0.0  0.00011  0.000143  0.85748       0
49  EUR_GBP 2024-08-06 07:59:00+00:00  0.85768  0.85748  0.0  0.0  0.00013  0.000057  0.85768       0
2024-08-06 10:01:00 process_candles:
       PAIR                      time    mid_c    mid_o   SL   TP   SPREAD      GAIN     LOSS  SIGNAL
45  EUR_GBP 2024-08-06 07:56:00+00:00  0.85770  0.85767  0.0  0.0  0.00014  0.000074  0.85770       0
46  EUR_GBP 2024-08-06 07:57:00+00:00  0.85762  0.85770  0.0  0.0  0.00013  0.000006  0.85762       0
47  EUR_GBP 2024-08-06 07:58:00+00:00  0.85748  0.85761  0.0  0.0  0.00011  0.000143  0.85748       0
48  EUR_GBP 2024-08-06 07:59:00+00:00  0.85768  0.85748  0.0  0.0  0.00013  0.000057  0.85768       0
49  EUR_GBP 2024-08-06 08:00:00+00:00  0.85770  0.85768  0.0  0.0  0.00014  0.000061  0.85770       0
2024-08-06 10:02:00 process_candles:
       PAIR                      time    mid_c    mid_o   SL   TP   SPREAD      GAIN     LOSS  SIGNAL
45  EUR_GBP 2024-08-06 07:57:00+00:00  0.85762  0.85770  0.0  0.0  0.00013  0.000006  0.85762       0
46  EUR_GBP 2024-08-06 07:58:00+00:00  0.85748  0.85761  0.0  0.0  0.00011  0.000143  0.85748       0
47  EUR_GBP 2024-08-06 07:59:00+00:00  0.85768  0.85748  0.0  0.0  0.00013  0.000057  0.85768       0
48  EUR_GBP 2024-08-06 08:00:00+00:00  0.85770  0.85768  0.0  0.0  0.00014  0.000061  0.85770       0
49  EUR_GBP 2024-08-06 08:01:00+00:00  0.85766  0.85770  0.0  0.0  0.00015  0.000006  0.85766       0
2024-08-06 10:03:00 process_candles:
       PAIR                      time    mid_c    mid_o   SL   TP   SPREAD      GAIN     LOSS  SIGNAL
45  EUR_GBP 2024-08-06 07:58:00+00:00  0.85748  0.85761  0.0  0.0  0.00011  0.000143  0.85748       0
46  EUR_GBP 2024-08-06 07:59:00+00:00  0.85768  0.85748  0.0  0.0  0.00013  0.000057  0.85768       0
47  EUR_GBP 2024-08-06 08:00:00+00:00  0.85770  0.85768  0.0  0.0  0.00014  0.000061  0.85770       0
48  EUR_GBP 2024-08-06 08:01:00+00:00  0.85766  0.85770  0.0  0.0  0.00015  0.000006  0.85766       0
49  EUR_GBP 2024-08-06 08:02:00+00:00  0.85766  0.85766  0.0  0.0  0.00015  0.000004  0.85766       0
2024-08-06 10:04:01 process_candles:
       PAIR                      time    mid_c    mid_o   SL   TP   SPREAD      GAIN     LOSS  SIGNAL
44  EUR_GBP 2024-08-06 07:59:00+00:00  0.85768  0.85748  0.0  0.0  0.00013  0.000057  0.85768       0
45  EUR_GBP 2024-08-06 08:00:00+00:00  0.85770  0.85768  0.0  0.0  0.00014  0.000061  0.85770       0
46  EUR_GBP 2024-08-06 08:01:00+00:00  0.85766  0.85770  0.0  0.0  0.00015  0.000006  0.85766       0
47  EUR_GBP 2024-08-06 08:02:00+00:00  0.85766  0.85766  0.0  0.0  0.00015  0.000004  0.85766       0
48  EUR_GBP 2024-08-06 08:03:00+00:00  0.85765  0.85766  0.0  0.0  0.00014  0.000005  0.85765       0
2024-08-06 10:05:00 process_candles:
       PAIR                      time    mid_c    mid_o   SL   TP   SPREAD      GAIN     LOSS  SIGNAL
45  EUR_GBP 2024-08-06 08:00:00+00:00  0.85770  0.85768  0.0  0.0  0.00014  0.000061  0.85770       0
46  EUR_GBP 2024-08-06 08:01:00+00:00  0.85766  0.85770  0.0  0.0  0.00015  0.000006  0.85766       0
47  EUR_GBP 2024-08-06 08:02:00+00:00  0.85766  0.85766  0.0  0.0  0.00015  0.000004  0.85766       0
48  EUR_GBP 2024-08-06 08:03:00+00:00  0.85765  0.85766  0.0  0.0  0.00014  0.000005  0.85765       0
49  EUR_GBP 2024-08-06 08:04:00+00:00  0.85776  0.85766  0.0  0.0  0.00016  0.000099  0.85776       0
