2024-08-06 09:42:57 LogWrapper init() ./logs/CandleWorker_USD_JPY.log
2024-08-06 09:42:57 Created CandleWorker for USD_JPY {'n_ma': 12, 'n_std': 2.0, 'maxspread': 0.04, 'mingain': 0.06, 'riskreward': 1.5, 'pair': 'USD_JPY'}
2024-08-06 09:43:00 process_candles:
       PAIR                      time    mid_c    mid_o   SL   TP  SPREAD      GAIN     LOSS  SIGNAL
45  USD_JPY 2024-08-06 07:38:00+00:00  145.654  145.634  0.0  0.0   0.017  0.090694  145.654       0
46  USD_JPY 2024-08-06 07:39:00+00:00  145.618  145.654  0.0  0.0   0.018  0.126833  145.618       0
47  USD_JPY 2024-08-06 07:40:00+00:00  145.607  145.616  0.0  0.0   0.016  0.128500  145.607       0
48  USD_JPY 2024-08-06 07:41:00+00:00  145.554  145.608  0.0  0.0   0.021  0.159722  145.554       0
49  USD_JPY 2024-08-06 07:42:00+00:00  145.450  145.552  0.0  0.0   0.024  0.229500  145.450       0
2024-08-06 09:44:00 process_candles:
       PAIR                      time    mid_c    mid_o   SL   TP  SPREAD      GAIN     LOSS  SIGNAL
45  USD_JPY 2024-08-06 07:39:00+00:00  145.618  145.654  0.0  0.0   0.018  0.126833  145.618       0
46  USD_JPY 2024-08-06 07:40:00+00:00  145.607  145.616  0.0  0.0   0.016  0.128500  145.607       0
47  USD_JPY 2024-08-06 07:41:00+00:00  145.554  145.608  0.0  0.0   0.021  0.159722  145.554       0
48  USD_JPY 2024-08-06 07:42:00+00:00  145.450  145.552  0.0  0.0   0.024  0.229500  145.450       0
49  USD_JPY 2024-08-06 07:43:00+00:00  145.424  145.448  0.0  0.0   0.027  0.222167  145.424       0
2024-08-06 09:45:00 process_candles:
       PAIR                      time    mid_c    mid_o   SL   TP  SPREAD      GAIN     LOSS  SIGNAL
45  USD_JPY 2024-08-06 07:40:00+00:00  145.607  145.616  0.0  0.0   0.016  0.128500  145.607       0
46  USD_JPY 2024-08-06 07:41:00+00:00  145.554  145.608  0.0  0.0   0.021  0.159722  145.554       0
47  USD_JPY 2024-08-06 07:42:00+00:00  145.450  145.552  0.0  0.0   0.024  0.229500  145.450       0
48  USD_JPY 2024-08-06 07:43:00+00:00  145.424  145.448  0.0  0.0   0.027  0.222167  145.424       0
49  USD_JPY 2024-08-06 07:44:00+00:00  145.434  145.426  0.0  0.0   0.021  0.180000  145.434       0
2024-08-06 09:46:00 process_candles:
       PAIR                      time    mid_c    mid_o   SL   TP  SPREAD      GAIN     LOSS  SIGNAL
45  USD_JPY 2024-08-06 07:41:00+00:00  145.554  145.608  0.0  0.0   0.021  0.159722  145.554       0
46  USD_JPY 2024-08-06 07:42:00+00:00  145.450  145.552  0.0  0.0   0.024  0.229500  145.450       0
47  USD_JPY 2024-08-06 07:43:00+00:00  145.424  145.448  0.0  0.0   0.027  0.222167  145.424       0
48  USD_JPY 2024-08-06 07:44:00+00:00  145.434  145.426  0.0  0.0   0.021  0.180000  145.434       0
49  USD_JPY 2024-08-06 07:45:00+00:00  145.411  145.434  0.0  0.0   0.020  0.170222  145.411       0
2024-08-06 09:47:00 process_candles:
       PAIR                      time    mid_c    mid_o   SL   TP  SPREAD      GAIN     LOSS  SIGNAL
45  USD_JPY 2024-08-06 07:42:00+00:00  145.450  145.552  0.0  0.0   0.024  0.229500  145.450       0
46  USD_JPY 2024-08-06 07:43:00+00:00  145.424  145.448  0.0  0.0   0.027  0.222167  145.424       0
47  USD_JPY 2024-08-06 07:44:00+00:00  145.434  145.426  0.0  0.0   0.021  0.180000  145.434       0
48  USD_JPY 2024-08-06 07:45:00+00:00  145.411  145.434  0.0  0.0   0.020  0.170222  145.411       0
49  USD_JPY 2024-08-06 07:46:00+00:00  145.484  145.410  0.0  0.0   0.015  0.070000  145.484       0
2024-08-06 09:48:00 process_candles:
       PAIR                      time    mid_c    mid_o   SL   TP  SPREAD      GAIN     LOSS  SIGNAL
45  USD_JPY 2024-08-06 07:43:00+00:00  145.424  145.448  0.0  0.0   0.027  0.222167  145.424       0
46  USD_JPY 2024-08-06 07:44:00+00:00  145.434  145.426  0.0  0.0   0.021  0.180000  145.434       0
47  USD_JPY 2024-08-06 07:45:00+00:00  145.411  145.434  0.0  0.0   0.020  0.170222  145.411       0
48  USD_JPY 2024-08-06 07:46:00+00:00  145.484  145.410  0.0  0.0   0.015  0.070000  145.484       0
49  USD_JPY 2024-08-06 07:47:00+00:00  145.492  145.484  0.0  0.0   0.019  0.043556  145.492       0
2024-08-06 09:49:00 process_candles:
       PAIR                      time    mid_c    mid_o   SL   TP  SPREAD      GAIN     LOSS  SIGNAL
44  USD_JPY 2024-08-06 07:44:00+00:00  145.434  145.426  0.0  0.0   0.021  0.180000  145.434       0
45  USD_JPY 2024-08-06 07:45:00+00:00  145.411  145.434  0.0  0.0   0.020  0.170222  145.411       0
46  USD_JPY 2024-08-06 07:46:00+00:00  145.484  145.410  0.0  0.0   0.015  0.070000  145.484       0
47  USD_JPY 2024-08-06 07:47:00+00:00  145.492  145.484  0.0  0.0   0.019  0.043556  145.492       0
48  USD_JPY 2024-08-06 07:48:00+00:00  145.432  145.493  0.0  0.0   0.019  0.083444  145.432       0
2024-08-06 09:50:01 process_candles:
       PAIR                      time    mid_c    mid_o   SL   TP  SPREAD      GAIN     LOSS  SIGNAL
44  USD_JPY 2024-08-06 07:45:00+00:00  145.411  145.434  0.0  0.0   0.020  0.170222  145.411       0
45  USD_JPY 2024-08-06 07:46:00+00:00  145.484  145.410  0.0  0.0   0.015  0.070000  145.484       0
46  USD_JPY 2024-08-06 07:47:00+00:00  145.492  145.484  0.0  0.0   0.019  0.043556  145.492       0
47  USD_JPY 2024-08-06 07:48:00+00:00  145.432  145.493  0.0  0.0   0.019  0.083444  145.432       0
48  USD_JPY 2024-08-06 07:49:00+00:00  145.346  145.429  0.0  0.0   0.019  0.144778  145.346       0
2024-08-06 09:51:00 process_candles:
       PAIR                      time    mid_c    mid_o   SL   TP  SPREAD      GAIN     LOSS  SIGNAL
45  USD_JPY 2024-08-06 07:46:00+00:00  145.484  145.410  0.0  0.0   0.015  0.070000  145.484       0
46  USD_JPY 2024-08-06 07:47:00+00:00  145.492  145.484  0.0  0.0   0.019  0.043556  145.492       0
47  USD_JPY 2024-08-06 07:48:00+00:00  145.432  145.493  0.0  0.0   0.019  0.083444  145.432       0
48  USD_JPY 2024-08-06 07:49:00+00:00  145.346  145.429  0.0  0.0   0.019  0.144778  145.346       0
49  USD_JPY 2024-08-06 07:50:00+00:00  145.330  145.340  0.0  0.0   0.019  0.134972  145.330       0
2024-08-06 09:52:00 process_candles:
       PAIR                      time    mid_c    mid_o   SL   TP  SPREAD      GAIN     LOSS  SIGNAL
44  USD_JPY 2024-08-06 07:47:00+00:00  145.492  145.484  0.0  0.0   0.019  0.043556  145.492       0
45  USD_JPY 2024-08-06 07:48:00+00:00  145.432  145.493  0.0  0.0   0.019  0.083444  145.432       0
46  USD_JPY 2024-08-06 07:49:00+00:00  145.346  145.429  0.0  0.0   0.019  0.144778  145.346       0
47  USD_JPY 2024-08-06 07:50:00+00:00  145.330  145.340  0.0  0.0   0.019  0.134972  145.330       0
48  USD_JPY 2024-08-06 07:51:00+00:00  145.424  145.331  0.0  0.0   0.019  0.023389  145.424       0
2024-08-06 09:53:00 process_candles:
       PAIR                      time    mid_c    mid_o   SL   TP  SPREAD      GAIN     LOSS  SIGNAL
45  USD_JPY 2024-08-06 07:48:00+00:00  145.432  145.493  0.0  0.0   0.019  0.083444  145.432       0
46  USD_JPY 2024-08-06 07:49:00+00:00  145.346  145.429  0.0  0.0   0.019  0.144778  145.346       0
47  USD_JPY 2024-08-06 07:50:00+00:00  145.330  145.340  0.0  0.0   0.019  0.134972  145.330       0
48  USD_JPY 2024-08-06 07:51:00+00:00  145.424  145.331  0.0  0.0   0.019  0.023389  145.424       0
49  USD_JPY 2024-08-06 07:52:00+00:00  145.402  145.428  0.0  0.0   0.023  0.029139  145.402       0
2024-08-06 09:54:00 process_candles:
       PAIR                      time    mid_c    mid_o          SL          TP  SPREAD      GAIN        LOSS  SIGNAL
45  USD_JPY 2024-08-06 07:49:00+00:00  145.346  145.429    0.000000    0.000000   0.019  0.144778  145.346000       0
46  USD_JPY 2024-08-06 07:50:00+00:00  145.330  145.340    0.000000    0.000000   0.019  0.134972  145.330000       0
47  USD_JPY 2024-08-06 07:51:00+00:00  145.424  145.331    0.000000    0.000000   0.019  0.023389  145.424000       0
48  USD_JPY 2024-08-06 07:52:00+00:00  145.402  145.428    0.000000    0.000000   0.023  0.029139  145.402000       0
49  USD_JPY 2024-08-06 07:53:00+00:00  145.260  145.402  145.159278  145.411083   0.016  0.151083    0.100722       1
2024-08-06 09:55:00 process_candles:
       PAIR                      time    mid_c    mid_o          SL          TP  SPREAD      GAIN        LOSS  SIGNAL
45  USD_JPY 2024-08-06 07:50:00+00:00  145.330  145.340    0.000000    0.000000   0.019  0.134972  145.330000       0
46  USD_JPY 2024-08-06 07:51:00+00:00  145.424  145.331    0.000000    0.000000   0.019  0.023389  145.424000       0
47  USD_JPY 2024-08-06 07:52:00+00:00  145.402  145.428    0.000000    0.000000   0.023  0.029139  145.402000       0
48  USD_JPY 2024-08-06 07:53:00+00:00  145.260  145.402  145.159278  145.411083   0.016  0.151083    0.100722       1
49  USD_JPY 2024-08-06 07:54:00+00:00  145.260  145.260    0.000000    0.000000   0.022  0.136056  145.260000       0
2024-08-06 09:56:01 process_candles:
       PAIR                      time    mid_c    mid_o          SL          TP  SPREAD      GAIN        LOSS  SIGNAL
44  USD_JPY 2024-08-06 07:51:00+00:00  145.424  145.331    0.000000    0.000000   0.019  0.023389  145.424000       0
45  USD_JPY 2024-08-06 07:52:00+00:00  145.402  145.428    0.000000    0.000000   0.023  0.029139  145.402000       0
46  USD_JPY 2024-08-06 07:53:00+00:00  145.260  145.402  145.159278  145.411083   0.016  0.151083    0.100722       1
47  USD_JPY 2024-08-06 07:54:00+00:00  145.260  145.260    0.000000    0.000000   0.022  0.136056  145.260000       0
48  USD_JPY 2024-08-06 07:55:00+00:00  145.284  145.258    0.000000    0.000000   0.022  0.099444  145.284000       0
2024-08-06 09:57:00 process_candles:
       PAIR                      time    mid_c    mid_o          SL          TP  SPREAD      GAIN        LOSS  SIGNAL
45  USD_JPY 2024-08-06 07:52:00+00:00  145.402  145.428    0.000000    0.000000   0.023  0.029139  145.402000       0
46  USD_JPY 2024-08-06 07:53:00+00:00  145.260  145.402  145.159278  145.411083   0.016  0.151083    0.100722       1
47  USD_JPY 2024-08-06 07:54:00+00:00  145.260  145.260    0.000000    0.000000   0.022  0.136056  145.260000       0
48  USD_JPY 2024-08-06 07:55:00+00:00  145.284  145.258    0.000000    0.000000   0.022  0.099444  145.284000       0
49  USD_JPY 2024-08-06 07:56:00+00:00  145.204  145.284  145.094556  145.368167   0.020  0.164167    0.109444       1
2024-08-06 09:58:01 process_candles:
       PAIR                      time    mid_c    mid_o          SL          TP  SPREAD      GAIN        LOSS  SIGNAL
44  USD_JPY 2024-08-06 07:53:00+00:00  145.260  145.402  145.159278  145.411083   0.016  0.151083    0.100722       1
45  USD_JPY 2024-08-06 07:54:00+00:00  145.260  145.260    0.000000    0.000000   0.022  0.136056  145.260000       0
46  USD_JPY 2024-08-06 07:55:00+00:00  145.284  145.258    0.000000    0.000000   0.022  0.099444  145.284000       0
47  USD_JPY 2024-08-06 07:56:00+00:00  145.204  145.284  145.094556  145.368167   0.020  0.164167    0.109444       1
48  USD_JPY 2024-08-06 07:57:00+00:00  145.210  145.206    0.000000    0.000000   0.018  0.140972  145.210000       0
2024-08-06 09:59:00 process_candles:
       PAIR                      time    mid_c    mid_o          SL          TP  SPREAD      GAIN        LOSS  SIGNAL
45  USD_JPY 2024-08-06 07:54:00+00:00  145.260  145.260    0.000000    0.000000   0.022  0.136056  145.260000       0
46  USD_JPY 2024-08-06 07:55:00+00:00  145.284  145.258    0.000000    0.000000   0.022  0.099444  145.284000       0
47  USD_JPY 2024-08-06 07:56:00+00:00  145.204  145.284  145.094556  145.368167   0.020  0.164167    0.109444       1
48  USD_JPY 2024-08-06 07:57:00+00:00  145.210  145.206    0.000000    0.000000   0.018  0.140972  145.210000       0
49  USD_JPY 2024-08-06 07:58:00+00:00  145.236  145.210    0.000000    0.000000   0.020  0.095611  145.236000       0
2024-08-06 10:00:00 process_candles:
       PAIR                      time    mid_c    mid_o          SL          TP  SPREAD      GAIN        LOSS  SIGNAL
45  USD_JPY 2024-08-06 07:55:00+00:00  145.284  145.258    0.000000    0.000000   0.022  0.099444  145.284000       0
46  USD_JPY 2024-08-06 07:56:00+00:00  145.204  145.284  145.094556  145.368167   0.020  0.164167    0.109444       1
47  USD_JPY 2024-08-06 07:57:00+00:00  145.210  145.206    0.000000    0.000000   0.018  0.140972  145.210000       0
48  USD_JPY 2024-08-06 07:58:00+00:00  145.236  145.210    0.000000    0.000000   0.020  0.095611  145.236000       0
49  USD_JPY 2024-08-06 07:59:00+00:00  145.296  145.234    0.000000    0.000000   0.021  0.018306  145.296000       0
2024-08-06 10:01:00 process_candles:
       PAIR                      time    mid_c    mid_o          SL          TP  SPREAD      GAIN        LOSS  SIGNAL
45  USD_JPY 2024-08-06 07:56:00+00:00  145.204  145.284  145.094556  145.368167   0.020  0.164167    0.109444       1
46  USD_JPY 2024-08-06 07:57:00+00:00  145.210  145.206    0.000000    0.000000   0.018  0.140972  145.210000       0
47  USD_JPY 2024-08-06 07:58:00+00:00  145.236  145.210    0.000000    0.000000   0.020  0.095611  145.236000       0
48  USD_JPY 2024-08-06 07:59:00+00:00  145.296  145.234    0.000000    0.000000   0.021  0.018306  145.296000       0
49  USD_JPY 2024-08-06 08:00:00+00:00  145.366  145.299    0.000000    0.000000   0.022  0.059500  145.366000       0
2024-08-06 10:02:00 process_candles:
       PAIR                      time    mid_c    mid_o   SL   TP  SPREAD      GAIN     LOSS  SIGNAL
45  USD_JPY 2024-08-06 07:57:00+00:00  145.210  145.206  0.0  0.0   0.018  0.140972  145.210       0
46  USD_JPY 2024-08-06 07:58:00+00:00  145.236  145.210  0.0  0.0   0.020  0.095611  145.236       0
47  USD_JPY 2024-08-06 07:59:00+00:00  145.296  145.234  0.0  0.0   0.021  0.018306  145.296       0
48  USD_JPY 2024-08-06 08:00:00+00:00  145.366  145.299  0.0  0.0   0.022  0.059500  145.366       0
49  USD_JPY 2024-08-06 08:01:00+00:00  145.353  145.366  0.0  0.0   0.014  0.049528  145.353       0
2024-08-06 10:03:00 process_candles:
       PAIR                      time    mid_c    mid_o   SL   TP  SPREAD      GAIN     LOSS  SIGNAL
45  USD_JPY 2024-08-06 07:58:00+00:00  145.236  145.210  0.0  0.0   0.020  0.095611  145.236       0
46  USD_JPY 2024-08-06 07:59:00+00:00  145.296  145.234  0.0  0.0   0.021  0.018306  145.296       0
47  USD_JPY 2024-08-06 08:00:00+00:00  145.366  145.299  0.0  0.0   0.022  0.059500  145.366       0
48  USD_JPY 2024-08-06 08:01:00+00:00  145.353  145.366  0.0  0.0   0.014  0.049528  145.353       0
49  USD_JPY 2024-08-06 08:02:00+00:00  145.303  145.354  0.0  0.0   0.018  0.001444  145.303       0
2024-08-06 10:04:00 process_candles:
       PAIR                      time    mid_c    mid_o   SL   TP  SPREAD      GAIN     LOSS  SIGNAL
45  USD_JPY 2024-08-06 07:59:00+00:00  145.296  145.234  0.0  0.0   0.021  0.018306  145.296       0
46  USD_JPY 2024-08-06 08:00:00+00:00  145.366  145.299  0.0  0.0   0.022  0.059500  145.366       0
47  USD_JPY 2024-08-06 08:01:00+00:00  145.353  145.366  0.0  0.0   0.014  0.049528  145.353       0
48  USD_JPY 2024-08-06 08:02:00+00:00  145.303  145.354  0.0  0.0   0.018  0.001444  145.303       0
49  USD_JPY 2024-08-06 08:03:00+00:00  145.338  145.300  0.0  0.0   0.017  0.041639  145.338       0
2024-08-06 10:05:00 process_candles:
       PAIR                      time    mid_c    mid_o   SL   TP  SPREAD      GAIN     LOSS  SIGNAL
45  USD_JPY 2024-08-06 08:00:00+00:00  145.366  145.299  0.0  0.0   0.022  0.059500  145.366       0
46  USD_JPY 2024-08-06 08:01:00+00:00  145.353  145.366  0.0  0.0   0.014  0.049528  145.353       0
47  USD_JPY 2024-08-06 08:02:00+00:00  145.303  145.354  0.0  0.0   0.018  0.001444  145.303       0
48  USD_JPY 2024-08-06 08:03:00+00:00  145.338  145.300  0.0  0.0   0.017  0.041639  145.338       0
49  USD_JPY 2024-08-06 08:04:00+00:00  145.216  145.339  0.0  0.0   0.021  0.067778  145.216       0
