2024-08-06 09:42:57 LogWrapper init() ./logs/CandleWorker_EUR_JPY.log
2024-08-06 09:42:57 Created CandleWorker for EUR_JPY {'n_ma': 12, 'n_std': 2.0, 'maxspread': 0.04, 'mingain': 0.06, 'riskreward': 1.5, 'pair': 'EUR_JPY'}
2024-08-06 09:43:00 process_candles:
       PAIR                      time    mid_c    mid_o   SL   TP  SPREAD      GAIN     LOSS  SIGNAL
45  EUR_JPY 2024-08-06 07:38:00+00:00  159.168  159.178  0.0  0.0   0.024  0.194722  159.168       0
46  EUR_JPY 2024-08-06 07:39:00+00:00  159.098  159.170  0.0  0.0   0.020  0.255639  159.098       0
47  EUR_JPY 2024-08-06 07:40:00+00:00  159.046  159.098  0.0  0.0   0.025  0.283417  159.046       0
48  EUR_JPY 2024-08-06 07:41:00+00:00  159.024  159.046  0.0  0.0   0.033  0.266917  159.024       0
49  EUR_JPY 2024-08-06 07:42:00+00:00  158.926  159.024  0.0  0.0   0.030  0.313861  158.926       0
2024-08-06 09:44:00 process_candles:
       PAIR                      time    mid_c    mid_o   SL   TP  SPREAD      GAIN     LOSS  SIGNAL
45  EUR_JPY 2024-08-06 07:39:00+00:00  159.098  159.170  0.0  0.0   0.020  0.255639  159.098       0
46  EUR_JPY 2024-08-06 07:40:00+00:00  159.046  159.098  0.0  0.0   0.025  0.283417  159.046       0
47  EUR_JPY 2024-08-06 07:41:00+00:00  159.024  159.046  0.0  0.0   0.033  0.266917  159.024       0
48  EUR_JPY 2024-08-06 07:42:00+00:00  158.926  159.024  0.0  0.0   0.030  0.313861  158.926       0
49  EUR_JPY 2024-08-06 07:43:00+00:00  158.892  158.926  0.0  0.0   0.033  0.298806  158.892       0
2024-08-06 09:45:00 process_candles:
       PAIR                      time    mid_c    mid_o   SL   TP  SPREAD      GAIN     LOSS  SIGNAL
45  EUR_JPY 2024-08-06 07:40:00+00:00  159.046  159.098  0.0  0.0   0.025  0.283417  159.046       0
46  EUR_JPY 2024-08-06 07:41:00+00:00  159.024  159.046  0.0  0.0   0.033  0.266917  159.024       0
47  EUR_JPY 2024-08-06 07:42:00+00:00  158.926  159.024  0.0  0.0   0.030  0.313861  158.926       0
48  EUR_JPY 2024-08-06 07:43:00+00:00  158.892  158.926  0.0  0.0   0.033  0.298806  158.892       0
49  EUR_JPY 2024-08-06 07:44:00+00:00  158.923  158.892  0.0  0.0   0.028  0.219500  158.923       0
2024-08-06 09:46:00 process_candles:
       PAIR                      time    mid_c    mid_o   SL   TP  SPREAD      GAIN     LOSS  SIGNAL
45  EUR_JPY 2024-08-06 07:41:00+00:00  159.024  159.046  0.0  0.0   0.033  0.266917  159.024       0
46  EUR_JPY 2024-08-06 07:42:00+00:00  158.926  159.024  0.0  0.0   0.030  0.313861  158.926       0
47  EUR_JPY 2024-08-06 07:43:00+00:00  158.892  158.926  0.0  0.0   0.033  0.298806  158.892       0
48  EUR_JPY 2024-08-06 07:44:00+00:00  158.923  158.892  0.0  0.0   0.028  0.219500  158.923       0
49  EUR_JPY 2024-08-06 07:45:00+00:00  158.904  158.924  0.0  0.0   0.024  0.192667  158.904       0
2024-08-06 09:47:00 process_candles:
       PAIR                      time    mid_c    mid_o   SL   TP  SPREAD      GAIN     LOSS  SIGNAL
45  EUR_JPY 2024-08-06 07:42:00+00:00  158.926  159.024  0.0  0.0   0.030  0.313861  158.926       0
46  EUR_JPY 2024-08-06 07:43:00+00:00  158.892  158.926  0.0  0.0   0.033  0.298806  158.892       0
47  EUR_JPY 2024-08-06 07:44:00+00:00  158.923  158.892  0.0  0.0   0.028  0.219500  158.923       0
48  EUR_JPY 2024-08-06 07:45:00+00:00  158.904  158.924  0.0  0.0   0.024  0.192667  158.904       0
49  EUR_JPY 2024-08-06 07:46:00+00:00  159.003  158.906  0.0  0.0   0.026  0.056139  159.003       0
2024-08-06 09:48:00 process_candles:
       PAIR                      time    mid_c    mid_o   SL   TP  SPREAD      GAIN     LOSS  SIGNAL
45  EUR_JPY 2024-08-06 07:43:00+00:00  158.892  158.926  0.0  0.0   0.033  0.298806  158.892       0
46  EUR_JPY 2024-08-06 07:44:00+00:00  158.923  158.892  0.0  0.0   0.028  0.219500  158.923       0
47  EUR_JPY 2024-08-06 07:45:00+00:00  158.904  158.924  0.0  0.0   0.024  0.192667  158.904       0
48  EUR_JPY 2024-08-06 07:46:00+00:00  159.003  158.906  0.0  0.0   0.026  0.056139  159.003       0
49  EUR_JPY 2024-08-06 07:47:00+00:00  158.986  159.002  0.0  0.0   0.025  0.048111  158.986       0
2024-08-06 09:49:00 process_candles:
       PAIR                      time    mid_c    mid_o   SL   TP  SPREAD      GAIN     LOSS  SIGNAL
45  EUR_JPY 2024-08-06 07:44:00+00:00  158.923  158.892  0.0  0.0   0.028  0.219500  158.923       0
46  EUR_JPY 2024-08-06 07:45:00+00:00  158.904  158.924  0.0  0.0   0.024  0.192667  158.904       0
47  EUR_JPY 2024-08-06 07:46:00+00:00  159.003  158.906  0.0  0.0   0.026  0.056139  159.003       0
48  EUR_JPY 2024-08-06 07:47:00+00:00  158.986  159.002  0.0  0.0   0.025  0.048111  158.986       0
49  EUR_JPY 2024-08-06 07:48:00+00:00  158.897  158.982  0.0  0.0   0.028  0.108694  158.897       0
2024-08-06 09:50:00 process_candles:
       PAIR                      time    mid_c    mid_o         SL          TP  SPREAD      GAIN       LOSS  SIGNAL
45  EUR_JPY 2024-08-06 07:45:00+00:00  158.904  158.924    0.00000    0.000000   0.024  0.192667  158.90400       0
46  EUR_JPY 2024-08-06 07:46:00+00:00  159.003  158.906    0.00000    0.000000   0.026  0.056139  159.00300       0
47  EUR_JPY 2024-08-06 07:47:00+00:00  158.986  159.002    0.00000    0.000000   0.025  0.048111  158.98600       0
48  EUR_JPY 2024-08-06 07:48:00+00:00  158.897  158.982    0.00000    0.000000   0.028  0.108694  158.89700       0
49  EUR_JPY 2024-08-06 07:49:00+00:00  158.756  158.897  158.61287  158.970694   0.031  0.214694    0.14313       1
2024-08-06 09:51:00 process_candles:
       PAIR                      time    mid_c    mid_o         SL          TP  SPREAD      GAIN       LOSS  SIGNAL
45  EUR_JPY 2024-08-06 07:46:00+00:00  159.003  158.906    0.00000    0.000000   0.026  0.056139  159.00300       0
46  EUR_JPY 2024-08-06 07:47:00+00:00  158.986  159.002    0.00000    0.000000   0.025  0.048111  158.98600       0
47  EUR_JPY 2024-08-06 07:48:00+00:00  158.897  158.982    0.00000    0.000000   0.028  0.108694  158.89700       0
48  EUR_JPY 2024-08-06 07:49:00+00:00  158.756  158.897  158.61287  158.970694   0.031  0.214694    0.14313       1
49  EUR_JPY 2024-08-06 07:50:00+00:00  158.769  158.750    0.00000    0.000000   0.028  0.169639  158.76900       0
2024-08-06 09:52:00 process_candles:
       PAIR                      time    mid_c    mid_o         SL          TP  SPREAD      GAIN       LOSS  SIGNAL
45  EUR_JPY 2024-08-06 07:47:00+00:00  158.986  159.002    0.00000    0.000000   0.025  0.048111  158.98600       0
46  EUR_JPY 2024-08-06 07:48:00+00:00  158.897  158.982    0.00000    0.000000   0.028  0.108694  158.89700       0
47  EUR_JPY 2024-08-06 07:49:00+00:00  158.756  158.897  158.61287  158.970694   0.031  0.214694    0.14313       1
48  EUR_JPY 2024-08-06 07:50:00+00:00  158.769  158.750    0.00000    0.000000   0.028  0.169639  158.76900       0
49  EUR_JPY 2024-08-06 07:51:00+00:00  158.856  158.770    0.00000    0.000000   0.029  0.060722  158.85600       0
2024-08-06 09:53:00 process_candles:
       PAIR                      time    mid_c    mid_o         SL          TP  SPREAD      GAIN       LOSS  SIGNAL
45  EUR_JPY 2024-08-06 07:48:00+00:00  158.897  158.982    0.00000    0.000000   0.028  0.108694  158.89700       0
46  EUR_JPY 2024-08-06 07:49:00+00:00  158.756  158.897  158.61287  158.970694   0.031  0.214694    0.14313       1
47  EUR_JPY 2024-08-06 07:50:00+00:00  158.769  158.750    0.00000    0.000000   0.028  0.169639  158.76900       0
48  EUR_JPY 2024-08-06 07:51:00+00:00  158.856  158.770    0.00000    0.000000   0.029  0.060722  158.85600       0
49  EUR_JPY 2024-08-06 07:52:00+00:00  158.840  158.855    0.00000    0.000000   0.027  0.059611  158.84000       0
2024-08-06 09:54:00 process_candles:
       PAIR                      time    mid_c    mid_o          SL          TP  SPREAD      GAIN        LOSS  SIGNAL
45  EUR_JPY 2024-08-06 07:49:00+00:00  158.756  158.897  158.612870  158.970694   0.031  0.214694    0.143130       1
46  EUR_JPY 2024-08-06 07:50:00+00:00  158.769  158.750    0.000000    0.000000   0.028  0.169639  158.769000       0
47  EUR_JPY 2024-08-06 07:51:00+00:00  158.856  158.770    0.000000    0.000000   0.029  0.060722  158.856000       0
48  EUR_JPY 2024-08-06 07:52:00+00:00  158.840  158.855    0.000000    0.000000   0.027  0.059611  158.840000       0
49  EUR_JPY 2024-08-06 07:53:00+00:00  158.681  158.839  158.549833  158.877750   0.026  0.196750    0.131167       1
2024-08-06 09:55:00 process_candles:
       PAIR                      time    mid_c    mid_o          SL         TP  SPREAD      GAIN        LOSS  SIGNAL
45  EUR_JPY 2024-08-06 07:50:00+00:00  158.769  158.750    0.000000    0.00000   0.028  0.169639  158.769000       0
46  EUR_JPY 2024-08-06 07:51:00+00:00  158.856  158.770    0.000000    0.00000   0.029  0.060722  158.856000       0
47  EUR_JPY 2024-08-06 07:52:00+00:00  158.840  158.855    0.000000    0.00000   0.027  0.059611  158.840000       0
48  EUR_JPY 2024-08-06 07:53:00+00:00  158.681  158.839  158.549833  158.87775   0.026  0.196750    0.131167       1
49  EUR_JPY 2024-08-06 07:54:00+00:00  158.673  158.683  158.549333  158.85850   0.028  0.185500    0.123667       1
2024-08-06 09:56:00 process_candles:
       PAIR                      time    mid_c    mid_o          SL         TP  SPREAD      GAIN        LOSS  SIGNAL
45  EUR_JPY 2024-08-06 07:51:00+00:00  158.856  158.770    0.000000    0.00000   0.029  0.060722  158.856000       0
46  EUR_JPY 2024-08-06 07:52:00+00:00  158.840  158.855    0.000000    0.00000   0.027  0.059611  158.840000       0
47  EUR_JPY 2024-08-06 07:53:00+00:00  158.681  158.839  158.549833  158.87775   0.026  0.196750    0.131167       1
48  EUR_JPY 2024-08-06 07:54:00+00:00  158.673  158.683  158.549333  158.85850   0.028  0.185500    0.123667       1
49  EUR_JPY 2024-08-06 07:55:00+00:00  158.684  158.672    0.000000    0.00000   0.031  0.155444  158.684000       0
2024-08-06 09:57:00 process_candles:
       PAIR                      time    mid_c    mid_o          SL         TP  SPREAD      GAIN        LOSS  SIGNAL
45  EUR_JPY 2024-08-06 07:52:00+00:00  158.840  158.855    0.000000    0.00000   0.027  0.059611  158.840000       0
46  EUR_JPY 2024-08-06 07:53:00+00:00  158.681  158.839  158.549833  158.87775   0.026  0.196750    0.131167       1
47  EUR_JPY 2024-08-06 07:54:00+00:00  158.673  158.683  158.549333  158.85850   0.028  0.185500    0.123667       1
48  EUR_JPY 2024-08-06 07:55:00+00:00  158.684  158.672    0.000000    0.00000   0.031  0.155444  158.684000       0
49  EUR_JPY 2024-08-06 07:56:00+00:00  158.634  158.682    0.000000    0.00000   0.027  0.184861  158.634000       0
2024-08-06 09:58:00 process_candles:
       PAIR                      time    mid_c    mid_o          SL         TP  SPREAD      GAIN        LOSS  SIGNAL
45  EUR_JPY 2024-08-06 07:53:00+00:00  158.681  158.839  158.549833  158.87775   0.026  0.196750    0.131167       1
46  EUR_JPY 2024-08-06 07:54:00+00:00  158.673  158.683  158.549333  158.85850   0.028  0.185500    0.123667       1
47  EUR_JPY 2024-08-06 07:55:00+00:00  158.684  158.672    0.000000    0.00000   0.031  0.155444  158.684000       0
48  EUR_JPY 2024-08-06 07:56:00+00:00  158.634  158.682    0.000000    0.00000   0.027  0.184861  158.634000       0
49  EUR_JPY 2024-08-06 07:57:00+00:00  158.647  158.633    0.000000    0.00000   0.020  0.150111  158.647000       0
2024-08-06 09:59:00 process_candles:
       PAIR                      time    mid_c    mid_o          SL        TP  SPREAD      GAIN        LOSS  SIGNAL
45  EUR_JPY 2024-08-06 07:54:00+00:00  158.673  158.683  158.549333  158.8585   0.028  0.185500    0.123667       1
46  EUR_JPY 2024-08-06 07:55:00+00:00  158.684  158.672    0.000000    0.0000   0.031  0.155444  158.684000       0
47  EUR_JPY 2024-08-06 07:56:00+00:00  158.634  158.682    0.000000    0.0000   0.027  0.184861  158.634000       0
48  EUR_JPY 2024-08-06 07:57:00+00:00  158.647  158.633    0.000000    0.0000   0.020  0.150111  158.647000       0
49  EUR_JPY 2024-08-06 07:58:00+00:00  158.684  158.647    0.000000    0.0000   0.025  0.088111  158.684000       0
2024-08-06 10:00:00 process_candles:
       PAIR                      time    mid_c    mid_o   SL   TP  SPREAD      GAIN     LOSS  SIGNAL
45  EUR_JPY 2024-08-06 07:55:00+00:00  158.684  158.672  0.0  0.0   0.031  0.155444  158.684       0
46  EUR_JPY 2024-08-06 07:56:00+00:00  158.634  158.682  0.0  0.0   0.027  0.184861  158.634       0
47  EUR_JPY 2024-08-06 07:57:00+00:00  158.647  158.633  0.0  0.0   0.020  0.150111  158.647       0
48  EUR_JPY 2024-08-06 07:58:00+00:00  158.684  158.647  0.0  0.0   0.025  0.088111  158.684       0
49  EUR_JPY 2024-08-06 07:59:00+00:00  158.762  158.682  0.0  0.0   0.027  0.010806  158.762       0
2024-08-06 10:01:00 process_candles:
       PAIR                      time    mid_c    mid_o   SL   TP  SPREAD      GAIN     LOSS  SIGNAL
45  EUR_JPY 2024-08-06 07:56:00+00:00  158.634  158.682  0.0  0.0   0.027  0.184861  158.634       0
46  EUR_JPY 2024-08-06 07:57:00+00:00  158.647  158.633  0.0  0.0   0.020  0.150111  158.647       0
47  EUR_JPY 2024-08-06 07:58:00+00:00  158.684  158.647  0.0  0.0   0.025  0.088111  158.684       0
48  EUR_JPY 2024-08-06 07:59:00+00:00  158.762  158.682  0.0  0.0   0.027  0.010806  158.762       0
49  EUR_JPY 2024-08-06 08:00:00+00:00  158.813  158.767  0.0  0.0   0.028  0.069944  158.813       0
2024-08-06 10:02:00 process_candles:
       PAIR                      time    mid_c    mid_o   SL   TP  SPREAD      GAIN     LOSS  SIGNAL
45  EUR_JPY 2024-08-06 07:57:00+00:00  158.647  158.633  0.0  0.0   0.020  0.150111  158.647       0
46  EUR_JPY 2024-08-06 07:58:00+00:00  158.684  158.647  0.0  0.0   0.025  0.088111  158.684       0
47  EUR_JPY 2024-08-06 07:59:00+00:00  158.762  158.682  0.0  0.0   0.027  0.010806  158.762       0
48  EUR_JPY 2024-08-06 08:00:00+00:00  158.813  158.767  0.0  0.0   0.028  0.069944  158.813       0
49  EUR_JPY 2024-08-06 08:01:00+00:00  158.779  158.816  0.0  0.0   0.032  0.038528  158.779       0
2024-08-06 10:03:00 process_candles:
       PAIR                      time    mid_c    mid_o   SL   TP  SPREAD      GAIN     LOSS  SIGNAL
45  EUR_JPY 2024-08-06 07:58:00+00:00  158.684  158.647  0.0  0.0   0.025  0.088111  158.684       0
46  EUR_JPY 2024-08-06 07:59:00+00:00  158.762  158.682  0.0  0.0   0.027  0.010806  158.762       0
47  EUR_JPY 2024-08-06 08:00:00+00:00  158.813  158.767  0.0  0.0   0.028  0.069944  158.813       0
48  EUR_JPY 2024-08-06 08:01:00+00:00  158.779  158.816  0.0  0.0   0.032  0.038528  158.779       0
49  EUR_JPY 2024-08-06 08:02:00+00:00  158.722  158.781  0.0  0.0   0.025  0.015306  158.722       0
2024-08-06 10:04:00 process_candles:
       PAIR                      time    mid_c    mid_o   SL   TP  SPREAD      GAIN     LOSS  SIGNAL
45  EUR_JPY 2024-08-06 07:59:00+00:00  158.762  158.682  0.0  0.0   0.027  0.010806  158.762       0
46  EUR_JPY 2024-08-06 08:00:00+00:00  158.813  158.767  0.0  0.0   0.028  0.069944  158.813       0
47  EUR_JPY 2024-08-06 08:01:00+00:00  158.779  158.816  0.0  0.0   0.032  0.038528  158.779       0
48  EUR_JPY 2024-08-06 08:02:00+00:00  158.722  158.781  0.0  0.0   0.025  0.015306  158.722       0
49  EUR_JPY 2024-08-06 08:03:00+00:00  158.768  158.721  0.0  0.0   0.030  0.036889  158.768       0
2024-08-06 10:05:00 process_candles:
       PAIR                      time    mid_c    mid_o          SL          TP  SPREAD      GAIN        LOSS  SIGNAL
45  EUR_JPY 2024-08-06 08:00:00+00:00  158.813  158.767    0.000000    0.000000   0.028  0.069944  158.813000       0
46  EUR_JPY 2024-08-06 08:01:00+00:00  158.779  158.816    0.000000    0.000000   0.032  0.038528  158.779000       0
47  EUR_JPY 2024-08-06 08:02:00+00:00  158.722  158.781    0.000000    0.000000   0.025  0.015306  158.722000       0
48  EUR_JPY 2024-08-06 08:03:00+00:00  158.768  158.721    0.000000    0.000000   0.030  0.036889  158.768000       0
49  EUR_JPY 2024-08-06 08:04:00+00:00  158.603  158.766  158.528056  158.715417   0.030  0.112417    0.074944       1
