2024-08-06 09:42:57 LogWrapper init() ./logs/CandleWorker_EUR_USD.log
2024-08-06 09:42:57 Created CandleWorker for EUR_USD {'n_ma': 12, 'n_std': 2.0, 'maxspread': 0.0004, 'mingain': 0.0006, 'riskreward': 1.5, 'pair': 'EUR_USD'}
2024-08-06 09:43:00 process_candles:
       PAIR                      time    mid_c    mid_o        SL        TP   SPREAD      GAIN      LOSS  SIGNAL
45  EUR_USD 2024-08-06 07:38:00+00:00  1.09280  1.09302  1.092376  1.093436  0.00014  0.000636  0.000424       1
46  EUR_USD 2024-08-06 07:39:00+00:00  1.09260  1.09282  1.092085  1.093372  0.00015  0.000772  0.000515       1
47  EUR_USD 2024-08-06 07:40:00+00:00  1.09228  1.09260  1.091616  1.093276  0.00016  0.000996  0.000664       1
48  EUR_USD 2024-08-06 07:41:00+00:00  1.09254  1.09226  0.000000  0.000000  0.00016  0.000637  1.092540       0
49  EUR_USD 2024-08-06 07:42:00+00:00  1.09266  1.09256  0.000000  0.000000  0.00017  0.000424  1.092660       0
2024-08-06 09:44:00 process_candles:
       PAIR                      time    mid_c    mid_o        SL        TP   SPREAD      GAIN      LOSS  SIGNAL
45  EUR_USD 2024-08-06 07:39:00+00:00  1.09260  1.09282  1.092085  1.093372  0.00015  0.000772  0.000515       1
46  EUR_USD 2024-08-06 07:40:00+00:00  1.09228  1.09260  1.091616  1.093276  0.00016  0.000996  0.000664       1
47  EUR_USD 2024-08-06 07:41:00+00:00  1.09254  1.09226  0.000000  0.000000  0.00016  0.000637  1.092540       0
48  EUR_USD 2024-08-06 07:42:00+00:00  1.09266  1.09256  0.000000  0.000000  0.00017  0.000424  1.092660       0
49  EUR_USD 2024-08-06 07:43:00+00:00  1.09264  1.09265  0.000000  0.000000  0.00015  0.000355  1.092640       0
2024-08-06 09:45:00 process_candles:
       PAIR                      time    mid_c    mid_o        SL        TP   SPREAD      GAIN      LOSS  SIGNAL
44  EUR_USD 2024-08-06 07:40:00+00:00  1.09228  1.09260  1.091616  1.093276  0.00016  0.000996  0.000664       1
45  EUR_USD 2024-08-06 07:41:00+00:00  1.09254  1.09226  0.000000  0.000000  0.00016  0.000637  1.092540       0
46  EUR_USD 2024-08-06 07:42:00+00:00  1.09266  1.09256  0.000000  0.000000  0.00017  0.000424  1.092660       0
47  EUR_USD 2024-08-06 07:43:00+00:00  1.09264  1.09265  0.000000  0.000000  0.00015  0.000355  1.092640       0
48  EUR_USD 2024-08-06 07:44:00+00:00  1.09274  1.09265  0.000000  0.000000  0.00015  0.000167  1.092740       0
2024-08-06 09:46:01 process_candles:
       PAIR                      time    mid_c    mid_o   SL   TP   SPREAD      GAIN     LOSS  SIGNAL
44  EUR_USD 2024-08-06 07:41:00+00:00  1.09254  1.09226  0.0  0.0  0.00016  0.000637  1.09254       0
45  EUR_USD 2024-08-06 07:42:00+00:00  1.09266  1.09256  0.0  0.0  0.00017  0.000424  1.09266       0
46  EUR_USD 2024-08-06 07:43:00+00:00  1.09264  1.09265  0.0  0.0  0.00015  0.000355  1.09264       0
47  EUR_USD 2024-08-06 07:44:00+00:00  1.09274  1.09265  0.0  0.0  0.00015  0.000167  1.09274       0
48  EUR_USD 2024-08-06 07:45:00+00:00  1.09280  1.09273  0.0  0.0  0.00015  0.000037  1.09280       0
2024-08-06 09:47:00 process_candles:
       PAIR                      time    mid_c    mid_o   SL   TP   SPREAD      GAIN     LOSS  SIGNAL
45  EUR_USD 2024-08-06 07:42:00+00:00  1.09266  1.09256  0.0  0.0  0.00017  0.000424  1.09266       0
46  EUR_USD 2024-08-06 07:43:00+00:00  1.09264  1.09265  0.0  0.0  0.00015  0.000355  1.09264       0
47  EUR_USD 2024-08-06 07:44:00+00:00  1.09274  1.09265  0.0  0.0  0.00015  0.000167  1.09274       0
48  EUR_USD 2024-08-06 07:45:00+00:00  1.09280  1.09273  0.0  0.0  0.00015  0.000037  1.09280       0
49  EUR_USD 2024-08-06 07:46:00+00:00  1.09291  1.09280  0.0  0.0  0.00014  0.000126  1.09291       0
2024-08-06 09:48:00 process_candles:
       PAIR                      time    mid_c    mid_o   SL   TP   SPREAD      GAIN     LOSS  SIGNAL
45  EUR_USD 2024-08-06 07:43:00+00:00  1.09264  1.09265  0.0  0.0  0.00015  0.000355  1.09264       0
46  EUR_USD 2024-08-06 07:44:00+00:00  1.09274  1.09265  0.0  0.0  0.00015  0.000167  1.09274       0
47  EUR_USD 2024-08-06 07:45:00+00:00  1.09280  1.09273  0.0  0.0  0.00015  0.000037  1.09280       0
48  EUR_USD 2024-08-06 07:46:00+00:00  1.09291  1.09280  0.0  0.0  0.00014  0.000126  1.09291       0
49  EUR_USD 2024-08-06 07:47:00+00:00  1.09274  1.09290  0.0  0.0  0.00015  0.000011  1.09274       0
2024-08-06 09:49:00 process_candles:
       PAIR                      time    mid_c    mid_o   SL   TP   SPREAD      GAIN     LOSS  SIGNAL
44  EUR_USD 2024-08-06 07:44:00+00:00  1.09274  1.09265  0.0  0.0  0.00015  0.000167  1.09274       0
45  EUR_USD 2024-08-06 07:45:00+00:00  1.09280  1.09273  0.0  0.0  0.00015  0.000037  1.09280       0
46  EUR_USD 2024-08-06 07:46:00+00:00  1.09291  1.09280  0.0  0.0  0.00014  0.000126  1.09291       0
47  EUR_USD 2024-08-06 07:47:00+00:00  1.09274  1.09290  0.0  0.0  0.00015  0.000011  1.09274       0
48  EUR_USD 2024-08-06 07:48:00+00:00  1.09260  1.09274  0.0  0.0  0.00015  0.000109  1.09260       0
2024-08-06 09:50:01 process_candles:
       PAIR                      time    mid_c    mid_o   SL   TP   SPREAD      GAIN     LOSS  SIGNAL
44  EUR_USD 2024-08-06 07:45:00+00:00  1.09280  1.09273  0.0  0.0  0.00015  0.000037  1.09280       0
45  EUR_USD 2024-08-06 07:46:00+00:00  1.09291  1.09280  0.0  0.0  0.00014  0.000126  1.09291       0
46  EUR_USD 2024-08-06 07:47:00+00:00  1.09274  1.09290  0.0  0.0  0.00015  0.000011  1.09274       0
47  EUR_USD 2024-08-06 07:48:00+00:00  1.09260  1.09274  0.0  0.0  0.00015  0.000109  1.09260       0
48  EUR_USD 2024-08-06 07:49:00+00:00  1.09230  1.09261  0.0  0.0  0.00016  0.000355  1.09230       0
2024-08-06 09:51:01 process_candles:
       PAIR                      time    mid_c    mid_o   SL   TP   SPREAD      GAIN     LOSS  SIGNAL
44  EUR_USD 2024-08-06 07:46:00+00:00  1.09291  1.09280  0.0  0.0  0.00014  0.000126  1.09291       0
45  EUR_USD 2024-08-06 07:47:00+00:00  1.09274  1.09290  0.0  0.0  0.00015  0.000011  1.09274       0
46  EUR_USD 2024-08-06 07:48:00+00:00  1.09260  1.09274  0.0  0.0  0.00015  0.000109  1.09260       0
47  EUR_USD 2024-08-06 07:49:00+00:00  1.09230  1.09261  0.0  0.0  0.00016  0.000355  1.09230       0
48  EUR_USD 2024-08-06 07:50:00+00:00  1.09244  1.09228  0.0  0.0  0.00015  0.000180  1.09244       0
2024-08-06 09:52:00 process_candles:
       PAIR                      time    mid_c    mid_o   SL   TP   SPREAD      GAIN     LOSS  SIGNAL
45  EUR_USD 2024-08-06 07:47:00+00:00  1.09274  1.09290  0.0  0.0  0.00015  0.000011  1.09274       0
46  EUR_USD 2024-08-06 07:48:00+00:00  1.09260  1.09274  0.0  0.0  0.00015  0.000109  1.09260       0
47  EUR_USD 2024-08-06 07:49:00+00:00  1.09230  1.09261  0.0  0.0  0.00016  0.000355  1.09230       0
48  EUR_USD 2024-08-06 07:50:00+00:00  1.09244  1.09228  0.0  0.0  0.00015  0.000180  1.09244       0
49  EUR_USD 2024-08-06 07:51:00+00:00  1.09236  1.09246  0.0  0.0  0.00015  0.000240  1.09236       0
2024-08-06 09:53:00 process_candles:
       PAIR                      time    mid_c    mid_o   SL   TP   SPREAD      GAIN     LOSS  SIGNAL
44  EUR_USD 2024-08-06 07:48:00+00:00  1.09260  1.09274  0.0  0.0  0.00015  0.000109  1.09260       0
45  EUR_USD 2024-08-06 07:49:00+00:00  1.09230  1.09261  0.0  0.0  0.00016  0.000355  1.09230       0
46  EUR_USD 2024-08-06 07:50:00+00:00  1.09244  1.09228  0.0  0.0  0.00015  0.000180  1.09244       0
47  EUR_USD 2024-08-06 07:51:00+00:00  1.09236  1.09246  0.0  0.0  0.00015  0.000240  1.09236       0
48  EUR_USD 2024-08-06 07:52:00+00:00  1.09244  1.09236  0.0  0.0  0.00014  0.000166  1.09244       0
2024-08-06 09:54:00 process_candles:
       PAIR                      time    mid_c    mid_o   SL   TP   SPREAD      GAIN     LOSS  SIGNAL
45  EUR_USD 2024-08-06 07:49:00+00:00  1.09230  1.09261  0.0  0.0  0.00016  0.000355  1.09230       0
46  EUR_USD 2024-08-06 07:50:00+00:00  1.09244  1.09228  0.0  0.0  0.00015  0.000180  1.09244       0
47  EUR_USD 2024-08-06 07:51:00+00:00  1.09236  1.09246  0.0  0.0  0.00015  0.000240  1.09236       0
48  EUR_USD 2024-08-06 07:52:00+00:00  1.09244  1.09236  0.0  0.0  0.00014  0.000166  1.09244       0
49  EUR_USD 2024-08-06 07:53:00+00:00  1.09236  1.09246  0.0  0.0  0.00014  0.000242  1.09236       0
2024-08-06 09:55:00 process_candles:
       PAIR                      time    mid_c    mid_o   SL   TP   SPREAD      GAIN     LOSS  SIGNAL
45  EUR_USD 2024-08-06 07:50:00+00:00  1.09244  1.09228  0.0  0.0  0.00015  0.000180  1.09244       0
46  EUR_USD 2024-08-06 07:51:00+00:00  1.09236  1.09246  0.0  0.0  0.00015  0.000240  1.09236       0
47  EUR_USD 2024-08-06 07:52:00+00:00  1.09244  1.09236  0.0  0.0  0.00014  0.000166  1.09244       0
48  EUR_USD 2024-08-06 07:53:00+00:00  1.09236  1.09246  0.0  0.0  0.00014  0.000242  1.09236       0
49  EUR_USD 2024-08-06 07:54:00+00:00  1.09234  1.09236  0.0  0.0  0.00016  0.000241  1.09234       0
2024-08-06 09:56:01 process_candles:
       PAIR                      time    mid_c    mid_o   SL   TP   SPREAD      GAIN     LOSS  SIGNAL
44  EUR_USD 2024-08-06 07:51:00+00:00  1.09236  1.09246  0.0  0.0  0.00015  0.000240  1.09236       0
45  EUR_USD 2024-08-06 07:52:00+00:00  1.09244  1.09236  0.0  0.0  0.00014  0.000166  1.09244       0
46  EUR_USD 2024-08-06 07:53:00+00:00  1.09236  1.09246  0.0  0.0  0.00014  0.000242  1.09236       0
47  EUR_USD 2024-08-06 07:54:00+00:00  1.09234  1.09236  0.0  0.0  0.00016  0.000241  1.09234       0
48  EUR_USD 2024-08-06 07:55:00+00:00  1.09223  1.09234  0.0  0.0  0.00016  0.000317  1.09223       0
2024-08-06 09:57:00 process_candles:
       PAIR                      time    mid_c    mid_o   SL   TP   SPREAD      GAIN     LOSS  SIGNAL
45  EUR_USD 2024-08-06 07:52:00+00:00  1.09244  1.09236  0.0  0.0  0.00014  0.000166  1.09244       0
46  EUR_USD 2024-08-06 07:53:00+00:00  1.09236  1.09246  0.0  0.0  0.00014  0.000242  1.09236       0
47  EUR_USD 2024-08-06 07:54:00+00:00  1.09234  1.09236  0.0  0.0  0.00016  0.000241  1.09234       0
48  EUR_USD 2024-08-06 07:55:00+00:00  1.09223  1.09234  0.0  0.0  0.00016  0.000317  1.09223       0
49  EUR_USD 2024-08-06 07:56:00+00:00  1.09248  1.09223  0.0  0.0  0.00015  0.000039  1.09248       0
2024-08-06 09:58:00 process_candles:
       PAIR                      time    mid_c    mid_o   SL   TP   SPREAD      GAIN     LOSS  SIGNAL
45  EUR_USD 2024-08-06 07:53:00+00:00  1.09236  1.09246  0.0  0.0  0.00014  0.000242  1.09236       0
46  EUR_USD 2024-08-06 07:54:00+00:00  1.09234  1.09236  0.0  0.0  0.00016  0.000241  1.09234       0
47  EUR_USD 2024-08-06 07:55:00+00:00  1.09223  1.09234  0.0  0.0  0.00016  0.000317  1.09223       0
48  EUR_USD 2024-08-06 07:56:00+00:00  1.09248  1.09223  0.0  0.0  0.00015  0.000039  1.09248       0
49  EUR_USD 2024-08-06 07:57:00+00:00  1.09252  1.09248  0.0  0.0  0.00015  0.000023  1.09252       0
2024-08-06 09:59:01 process_candles:
       PAIR                      time    mid_c    mid_o   SL   TP   SPREAD      GAIN     LOSS  SIGNAL
44  EUR_USD 2024-08-06 07:54:00+00:00  1.09234  1.09236  0.0  0.0  0.00016  0.000241  1.09234       0
45  EUR_USD 2024-08-06 07:55:00+00:00  1.09223  1.09234  0.0  0.0  0.00016  0.000317  1.09223       0
46  EUR_USD 2024-08-06 07:56:00+00:00  1.09248  1.09223  0.0  0.0  0.00015  0.000039  1.09248       0
47  EUR_USD 2024-08-06 07:57:00+00:00  1.09252  1.09248  0.0  0.0  0.00015  0.000023  1.09252       0
48  EUR_USD 2024-08-06 07:58:00+00:00  1.09259  1.09253  0.0  0.0  0.00014  0.000119  1.09259       0
2024-08-06 10:00:00 process_candles:
       PAIR                      time    mid_c    mid_o   SL   TP   SPREAD      GAIN     LOSS  SIGNAL
45  EUR_USD 2024-08-06 07:55:00+00:00  1.09223  1.09234  0.0  0.0  0.00016  0.000317  1.09223       0
46  EUR_USD 2024-08-06 07:56:00+00:00  1.09248  1.09223  0.0  0.0  0.00015  0.000039  1.09248       0
47  EUR_USD 2024-08-06 07:57:00+00:00  1.09252  1.09248  0.0  0.0  0.00015  0.000023  1.09252       0
48  EUR_USD 2024-08-06 07:58:00+00:00  1.09259  1.09253  0.0  0.0  0.00014  0.000119  1.09259       0
49  EUR_USD 2024-08-06 07:59:00+00:00  1.09268  1.09258  0.0  0.0  0.00017  0.000224  1.09268       0
2024-08-06 10:01:00 process_candles:
       PAIR                      time    mid_c    mid_o   SL   TP   SPREAD      GAIN     LOSS  SIGNAL
44  EUR_USD 2024-08-06 07:56:00+00:00  1.09248  1.09223  0.0  0.0  0.00015  0.000039  1.09248       0
45  EUR_USD 2024-08-06 07:57:00+00:00  1.09252  1.09248  0.0  0.0  0.00015  0.000023  1.09252       0
46  EUR_USD 2024-08-06 07:58:00+00:00  1.09259  1.09253  0.0  0.0  0.00014  0.000119  1.09259       0
47  EUR_USD 2024-08-06 07:59:00+00:00  1.09268  1.09258  0.0  0.0  0.00017  0.000224  1.09268       0
48  EUR_USD 2024-08-06 08:00:00+00:00  1.09250  1.09268  0.0  0.0  0.00015  0.000042  1.09250       0
2024-08-06 10:02:01 process_candles:
       PAIR                      time    mid_c    mid_o   SL   TP   SPREAD      GAIN     LOSS  SIGNAL
44  EUR_USD 2024-08-06 07:57:00+00:00  1.09252  1.09248  0.0  0.0  0.00015  0.000023  1.09252       0
45  EUR_USD 2024-08-06 07:58:00+00:00  1.09259  1.09253  0.0  0.0  0.00014  0.000119  1.09259       0
46  EUR_USD 2024-08-06 07:59:00+00:00  1.09268  1.09258  0.0  0.0  0.00017  0.000224  1.09268       0
47  EUR_USD 2024-08-06 08:00:00+00:00  1.09250  1.09268  0.0  0.0  0.00015  0.000042  1.09250       0
48  EUR_USD 2024-08-06 08:01:00+00:00  1.09234  1.09252  0.0  0.0  0.00015  0.000121  1.09234       0
2024-08-06 10:03:00 process_candles:
       PAIR                      time    mid_c    mid_o   SL   TP   SPREAD      GAIN     LOSS  SIGNAL
45  EUR_USD 2024-08-06 07:58:00+00:00  1.09259  1.09253  0.0  0.0  0.00014  0.000119  1.09259       0
46  EUR_USD 2024-08-06 07:59:00+00:00  1.09268  1.09258  0.0  0.0  0.00017  0.000224  1.09268       0
47  EUR_USD 2024-08-06 08:00:00+00:00  1.09250  1.09268  0.0  0.0  0.00015  0.000042  1.09250       0
48  EUR_USD 2024-08-06 08:01:00+00:00  1.09234  1.09252  0.0  0.0  0.00015  0.000121  1.09234       0
49  EUR_USD 2024-08-06 08:02:00+00:00  1.09234  1.09236  0.0  0.0  0.00017  0.000118  1.09234       0
2024-08-06 10:04:01 process_candles:
       PAIR                      time    mid_c    mid_o   SL   TP   SPREAD      GAIN     LOSS  SIGNAL
44  EUR_USD 2024-08-06 07:59:00+00:00  1.09268  1.09258  0.0  0.0  0.00017  0.000224  1.09268       0
45  EUR_USD 2024-08-06 08:00:00+00:00  1.09250  1.09268  0.0  0.0  0.00015  0.000042  1.09250       0
46  EUR_USD 2024-08-06 08:01:00+00:00  1.09234  1.09252  0.0  0.0  0.00015  0.000121  1.09234       0
47  EUR_USD 2024-08-06 08:02:00+00:00  1.09234  1.09236  0.0  0.0  0.00017  0.000118  1.09234       0
48  EUR_USD 2024-08-06 08:03:00+00:00  1.09237  1.09234  0.0  0.0  0.00016  0.000086  1.09237       0
2024-08-06 10:05:00 process_candles:
       PAIR                      time    mid_c    mid_o   SL   TP   SPREAD      GAIN     LOSS  SIGNAL
45  EUR_USD 2024-08-06 08:00:00+00:00  1.09250  1.09268  0.0  0.0  0.00015  0.000042  1.09250       0
46  EUR_USD 2024-08-06 08:01:00+00:00  1.09234  1.09252  0.0  0.0  0.00015  0.000121  1.09234       0
47  EUR_USD 2024-08-06 08:02:00+00:00  1.09234  1.09236  0.0  0.0  0.00017  0.000118  1.09234       0
48  EUR_USD 2024-08-06 08:03:00+00:00  1.09237  1.09234  0.0  0.0  0.00016  0.000086  1.09237       0
49  EUR_USD 2024-08-06 08:04:00+00:00  1.09218  1.09236  0.0  0.0  0.00016  0.000258  1.09218       0
