2024-08-06 09:42:57 LogWrapper init() ./logs/CandleWorker_GBP_JPY.log
2024-08-06 09:42:57 Created CandleWorker for GBP_JPY {'n_ma': 12, 'n_std': 2.0, 'maxspread': 0.04, 'mingain': 0.06, 'riskreward': 1.5, 'pair': 'GBP_JPY'}
2024-08-06 09:43:00 process_candles:
       PAIR                      time    mid_c    mid_o   SL   TP  SPREAD      GAIN     LOSS  SIGNAL
45  GBP_JPY 2024-08-06 07:38:00+00:00  185.603  185.622  0.0  0.0   0.038  0.207944  185.603       0
46  GBP_JPY 2024-08-06 07:39:00+00:00  185.498  185.596  0.0  0.0   0.032  0.303222  185.498       0
47  GBP_JPY 2024-08-06 07:40:00+00:00  185.454  185.495  0.0  0.0   0.037  0.320861  185.454       0
48  GBP_JPY 2024-08-06 07:41:00+00:00  185.404  185.456  0.0  0.0   0.038  0.324028  185.404       0
49  GBP_JPY 2024-08-06 07:42:00+00:00  185.256  185.396  0.0  0.0   0.039  0.409333  185.256       0
2024-08-06 09:44:00 process_candles:
       PAIR                      time    mid_c    mid_o   SL   TP  SPREAD      GAIN     LOSS  SIGNAL
45  GBP_JPY 2024-08-06 07:39:00+00:00  185.498  185.596  0.0  0.0   0.032  0.303222  185.498       0
46  GBP_JPY 2024-08-06 07:40:00+00:00  185.454  185.495  0.0  0.0   0.037  0.320861  185.454       0
47  GBP_JPY 2024-08-06 07:41:00+00:00  185.404  185.456  0.0  0.0   0.038  0.324028  185.404       0
48  GBP_JPY 2024-08-06 07:42:00+00:00  185.256  185.396  0.0  0.0   0.039  0.409333  185.256       0
49  GBP_JPY 2024-08-06 07:43:00+00:00  185.270  185.254  0.0  0.0   0.043  0.338444  185.270       0
2024-08-06 09:45:00 process_candles:
       PAIR                      time    mid_c    mid_o   SL   TP  SPREAD      GAIN     LOSS  SIGNAL
45  GBP_JPY 2024-08-06 07:40:00+00:00  185.454  185.495  0.0  0.0   0.037  0.320861  185.454       0
46  GBP_JPY 2024-08-06 07:41:00+00:00  185.404  185.456  0.0  0.0   0.038  0.324028  185.404       0
47  GBP_JPY 2024-08-06 07:42:00+00:00  185.256  185.396  0.0  0.0   0.039  0.409333  185.256       0
48  GBP_JPY 2024-08-06 07:43:00+00:00  185.270  185.254  0.0  0.0   0.043  0.338444  185.270       0
49  GBP_JPY 2024-08-06 07:44:00+00:00  185.315  185.270  0.0  0.0   0.040  0.240056  185.315       0
2024-08-06 09:46:00 process_candles:
       PAIR                      time    mid_c    mid_o   SL   TP  SPREAD      GAIN     LOSS  SIGNAL
45  GBP_JPY 2024-08-06 07:41:00+00:00  185.404  185.456  0.0  0.0   0.038  0.324028  185.404       0
46  GBP_JPY 2024-08-06 07:42:00+00:00  185.256  185.396  0.0  0.0   0.039  0.409333  185.256       0
47  GBP_JPY 2024-08-06 07:43:00+00:00  185.270  185.254  0.0  0.0   0.043  0.338444  185.270       0
48  GBP_JPY 2024-08-06 07:44:00+00:00  185.315  185.270  0.0  0.0   0.040  0.240056  185.315       0
49  GBP_JPY 2024-08-06 07:45:00+00:00  185.290  185.315  0.0  0.0   0.036  0.211361  185.290       0
2024-08-06 09:47:00 process_candles:
       PAIR                      time    mid_c    mid_o   SL   TP  SPREAD      GAIN     LOSS  SIGNAL
45  GBP_JPY 2024-08-06 07:42:00+00:00  185.256  185.396  0.0  0.0   0.039  0.409333  185.256       0
46  GBP_JPY 2024-08-06 07:43:00+00:00  185.270  185.254  0.0  0.0   0.043  0.338444  185.270       0
47  GBP_JPY 2024-08-06 07:44:00+00:00  185.315  185.270  0.0  0.0   0.040  0.240056  185.315       0
48  GBP_JPY 2024-08-06 07:45:00+00:00  185.290  185.315  0.0  0.0   0.036  0.211361  185.290       0
49  GBP_JPY 2024-08-06 07:46:00+00:00  185.411  185.290  0.0  0.0   0.034  0.048139  185.411       0
2024-08-06 09:48:00 process_candles:
       PAIR                      time    mid_c    mid_o   SL   TP  SPREAD      GAIN     LOSS  SIGNAL
45  GBP_JPY 2024-08-06 07:43:00+00:00  185.270  185.254  0.0  0.0   0.043  0.338444  185.270       0
46  GBP_JPY 2024-08-06 07:44:00+00:00  185.315  185.270  0.0  0.0   0.040  0.240056  185.315       0
47  GBP_JPY 2024-08-06 07:45:00+00:00  185.290  185.315  0.0  0.0   0.036  0.211361  185.290       0
48  GBP_JPY 2024-08-06 07:46:00+00:00  185.411  185.290  0.0  0.0   0.034  0.048139  185.411       0
49  GBP_JPY 2024-08-06 07:47:00+00:00  185.378  185.412  0.0  0.0   0.039  0.052278  185.378       0
2024-08-06 09:49:00 process_candles:
       PAIR                      time    mid_c    mid_o   SL   TP  SPREAD      GAIN     LOSS  SIGNAL
45  GBP_JPY 2024-08-06 07:44:00+00:00  185.315  185.270  0.0  0.0   0.040  0.240056  185.315       0
46  GBP_JPY 2024-08-06 07:45:00+00:00  185.290  185.315  0.0  0.0   0.036  0.211361  185.290       0
47  GBP_JPY 2024-08-06 07:46:00+00:00  185.411  185.290  0.0  0.0   0.034  0.048139  185.411       0
48  GBP_JPY 2024-08-06 07:47:00+00:00  185.378  185.412  0.0  0.0   0.039  0.052278  185.378       0
49  GBP_JPY 2024-08-06 07:48:00+00:00  185.305  185.378  0.0  0.0   0.040  0.095167  185.305       0
2024-08-06 09:50:00 process_candles:
       PAIR                      time    mid_c    mid_o   SL   TP  SPREAD      GAIN     LOSS  SIGNAL
45  GBP_JPY 2024-08-06 07:45:00+00:00  185.290  185.315  0.0  0.0   0.036  0.211361  185.290       0
46  GBP_JPY 2024-08-06 07:46:00+00:00  185.411  185.290  0.0  0.0   0.034  0.048139  185.411       0
47  GBP_JPY 2024-08-06 07:47:00+00:00  185.378  185.412  0.0  0.0   0.039  0.052278  185.378       0
48  GBP_JPY 2024-08-06 07:48:00+00:00  185.305  185.378  0.0  0.0   0.040  0.095167  185.305       0
49  GBP_JPY 2024-08-06 07:49:00+00:00  185.135  185.306  0.0  0.0   0.040  0.225722  185.135       0
2024-08-06 09:51:00 process_candles:
       PAIR                      time    mid_c    mid_o          SL          TP  SPREAD      GAIN        LOSS  SIGNAL
45  GBP_JPY 2024-08-06 07:46:00+00:00  185.411  185.290    0.000000    0.000000   0.034  0.048139  185.411000       0
46  GBP_JPY 2024-08-06 07:47:00+00:00  185.378  185.412    0.000000    0.000000   0.039  0.052278  185.378000       0
47  GBP_JPY 2024-08-06 07:48:00+00:00  185.305  185.378    0.000000    0.000000   0.040  0.095167  185.305000       0
48  GBP_JPY 2024-08-06 07:49:00+00:00  185.135  185.306    0.000000    0.000000   0.040  0.225722  185.135000       0
49  GBP_JPY 2024-08-06 07:50:00+00:00  185.098  185.136  184.949704  185.320444   0.037  0.222444    0.148296       1
2024-08-06 09:52:00 process_candles:
       PAIR                      time    mid_c    mid_o          SL          TP  SPREAD      GAIN        LOSS  SIGNAL
45  GBP_JPY 2024-08-06 07:47:00+00:00  185.378  185.412    0.000000    0.000000   0.039  0.052278  185.378000       0
46  GBP_JPY 2024-08-06 07:48:00+00:00  185.305  185.378    0.000000    0.000000   0.040  0.095167  185.305000       0
47  GBP_JPY 2024-08-06 07:49:00+00:00  185.135  185.306    0.000000    0.000000   0.040  0.225722  185.135000       0
48  GBP_JPY 2024-08-06 07:50:00+00:00  185.098  185.136  184.949704  185.320444   0.037  0.222444    0.148296       1
49  GBP_JPY 2024-08-06 07:51:00+00:00  185.209  185.102    0.000000    0.000000   0.036  0.086139  185.209000       0
2024-08-06 09:53:00 process_candles:
       PAIR                      time    mid_c    mid_o          SL          TP  SPREAD      GAIN        LOSS  SIGNAL
45  GBP_JPY 2024-08-06 07:48:00+00:00  185.305  185.378    0.000000    0.000000   0.040  0.095167  185.305000       0
46  GBP_JPY 2024-08-06 07:49:00+00:00  185.135  185.306    0.000000    0.000000   0.040  0.225722  185.135000       0
47  GBP_JPY 2024-08-06 07:50:00+00:00  185.098  185.136  184.949704  185.320444   0.037  0.222444    0.148296       1
48  GBP_JPY 2024-08-06 07:51:00+00:00  185.209  185.102    0.000000    0.000000   0.036  0.086139  185.209000       0
49  GBP_JPY 2024-08-06 07:52:00+00:00  185.208  185.212    0.000000    0.000000   0.039  0.066389  185.208000       0
2024-08-06 09:54:00 process_candles:
       PAIR                      time    mid_c    mid_o          SL          TP  SPREAD      GAIN        LOSS  SIGNAL
45  GBP_JPY 2024-08-06 07:49:00+00:00  185.135  185.306    0.000000    0.000000   0.040  0.225722  185.135000       0
46  GBP_JPY 2024-08-06 07:50:00+00:00  185.098  185.136  184.949704  185.320444   0.037  0.222444    0.148296       1
47  GBP_JPY 2024-08-06 07:51:00+00:00  185.209  185.102    0.000000    0.000000   0.036  0.086139  185.209000       0
48  GBP_JPY 2024-08-06 07:52:00+00:00  185.208  185.212    0.000000    0.000000   0.039  0.066389  185.208000       0
49  GBP_JPY 2024-08-06 07:53:00+00:00  185.007  185.202  184.845759  185.248861   0.034  0.241861    0.161241       1
2024-08-06 09:55:00 process_candles:
       PAIR                      time    mid_c    mid_o          SL          TP  SPREAD      GAIN        LOSS  SIGNAL
45  GBP_JPY 2024-08-06 07:50:00+00:00  185.098  185.136  184.949704  185.320444   0.037  0.222444    0.148296       1
46  GBP_JPY 2024-08-06 07:51:00+00:00  185.209  185.102    0.000000    0.000000   0.036  0.086139  185.209000       0
47  GBP_JPY 2024-08-06 07:52:00+00:00  185.208  185.212    0.000000    0.000000   0.039  0.066389  185.208000       0
48  GBP_JPY 2024-08-06 07:53:00+00:00  185.007  185.202  184.845759  185.248861   0.034  0.241861    0.161241       1
49  GBP_JPY 2024-08-06 07:54:00+00:00  185.002  185.006    0.000000    0.000000   0.041  0.227111  185.002000       0
2024-08-06 09:56:00 process_candles:
       PAIR                      time    mid_c    mid_o          SL          TP  SPREAD      GAIN        LOSS  SIGNAL
45  GBP_JPY 2024-08-06 07:51:00+00:00  185.209  185.102    0.000000    0.000000   0.036  0.086139  185.209000       0
46  GBP_JPY 2024-08-06 07:52:00+00:00  185.208  185.212    0.000000    0.000000   0.039  0.066389  185.208000       0
47  GBP_JPY 2024-08-06 07:53:00+00:00  185.007  185.202  184.845759  185.248861   0.034  0.241861    0.161241       1
48  GBP_JPY 2024-08-06 07:54:00+00:00  185.002  185.006    0.000000    0.000000   0.041  0.227111  185.002000       0
49  GBP_JPY 2024-08-06 07:55:00+00:00  185.018  184.998    0.000000    0.000000   0.037  0.189889  185.018000       0
2024-08-06 09:57:00 process_candles:
       PAIR                      time    mid_c    mid_o          SL          TP  SPREAD      GAIN        LOSS  SIGNAL
45  GBP_JPY 2024-08-06 07:52:00+00:00  185.208  185.212    0.000000    0.000000   0.039  0.066389  185.208000       0
46  GBP_JPY 2024-08-06 07:53:00+00:00  185.007  185.202  184.845759  185.248861   0.034  0.241861    0.161241       1
47  GBP_JPY 2024-08-06 07:54:00+00:00  185.002  185.006    0.000000    0.000000   0.041  0.227111  185.002000       0
48  GBP_JPY 2024-08-06 07:55:00+00:00  185.018  184.998    0.000000    0.000000   0.037  0.189889  185.018000       0
49  GBP_JPY 2024-08-06 07:56:00+00:00  184.949  185.018    0.000000    0.000000   0.036  0.233028  184.949000       0
2024-08-06 09:58:00 process_candles:
       PAIR                      time    mid_c    mid_o          SL          TP  SPREAD      GAIN        LOSS  SIGNAL
45  GBP_JPY 2024-08-06 07:53:00+00:00  185.007  185.202  184.845759  185.248861   0.034  0.241861    0.161241       1
46  GBP_JPY 2024-08-06 07:54:00+00:00  185.002  185.006    0.000000    0.000000   0.041  0.227111  185.002000       0
47  GBP_JPY 2024-08-06 07:55:00+00:00  185.018  184.998    0.000000    0.000000   0.037  0.189889  185.018000       0
48  GBP_JPY 2024-08-06 07:56:00+00:00  184.949  185.018    0.000000    0.000000   0.036  0.233028  184.949000       0
49  GBP_JPY 2024-08-06 07:57:00+00:00  184.988  184.954    0.000000    0.000000   0.033  0.168472  184.988000       0
2024-08-06 09:59:00 process_candles:
       PAIR                      time    mid_c    mid_o   SL   TP  SPREAD      GAIN     LOSS  SIGNAL
45  GBP_JPY 2024-08-06 07:54:00+00:00  185.002  185.006  0.0  0.0   0.041  0.227111  185.002       0
46  GBP_JPY 2024-08-06 07:55:00+00:00  185.018  184.998  0.0  0.0   0.037  0.189889  185.018       0
47  GBP_JPY 2024-08-06 07:56:00+00:00  184.949  185.018  0.0  0.0   0.036  0.233028  184.949       0
48  GBP_JPY 2024-08-06 07:57:00+00:00  184.988  184.954  0.0  0.0   0.033  0.168472  184.988       0
49  GBP_JPY 2024-08-06 07:58:00+00:00  185.056  184.989  0.0  0.0   0.037  0.072000  185.056       0
2024-08-06 10:00:00 process_candles:
       PAIR                      time    mid_c    mid_o   SL   TP  SPREAD      GAIN     LOSS  SIGNAL
45  GBP_JPY 2024-08-06 07:55:00+00:00  185.018  184.998  0.0  0.0   0.037  0.189889  185.018       0
46  GBP_JPY 2024-08-06 07:56:00+00:00  184.949  185.018  0.0  0.0   0.036  0.233028  184.949       0
47  GBP_JPY 2024-08-06 07:57:00+00:00  184.988  184.954  0.0  0.0   0.033  0.168472  184.988       0
48  GBP_JPY 2024-08-06 07:58:00+00:00  185.056  184.989  0.0  0.0   0.037  0.072000  185.056       0
49  GBP_JPY 2024-08-06 07:59:00+00:00  185.110  185.052  0.0  0.0   0.041  0.006889  185.110       0
2024-08-06 10:01:00 process_candles:
       PAIR                      time    mid_c    mid_o   SL   TP  SPREAD      GAIN     LOSS  SIGNAL
44  GBP_JPY 2024-08-06 07:56:00+00:00  184.949  185.018  0.0  0.0   0.036  0.233028  184.949       0
45  GBP_JPY 2024-08-06 07:57:00+00:00  184.988  184.954  0.0  0.0   0.033  0.168472  184.988       0
46  GBP_JPY 2024-08-06 07:58:00+00:00  185.056  184.989  0.0  0.0   0.037  0.072000  185.056       0
47  GBP_JPY 2024-08-06 07:59:00+00:00  185.110  185.052  0.0  0.0   0.041  0.006889  185.110       0
48  GBP_JPY 2024-08-06 08:00:00+00:00  185.160  185.109  0.0  0.0   0.037  0.069472  185.160       0
2024-08-06 10:02:00 process_candles:
       PAIR                      time    mid_c    mid_o   SL   TP  SPREAD      GAIN     LOSS  SIGNAL
45  GBP_JPY 2024-08-06 07:57:00+00:00  184.988  184.954  0.0  0.0   0.033  0.168472  184.988       0
46  GBP_JPY 2024-08-06 07:58:00+00:00  185.056  184.989  0.0  0.0   0.037  0.072000  185.056       0
47  GBP_JPY 2024-08-06 07:59:00+00:00  185.110  185.052  0.0  0.0   0.041  0.006889  185.110       0
48  GBP_JPY 2024-08-06 08:00:00+00:00  185.160  185.109  0.0  0.0   0.037  0.069472  185.160       0
49  GBP_JPY 2024-08-06 08:01:00+00:00  185.130  185.161  0.0  0.0   0.039  0.045917  185.130       0
2024-08-06 10:03:00 process_candles:
       PAIR                      time    mid_c    mid_o   SL   TP  SPREAD      GAIN     LOSS  SIGNAL
45  GBP_JPY 2024-08-06 07:58:00+00:00  185.056  184.989  0.0  0.0   0.037  0.072000  185.056       0
46  GBP_JPY 2024-08-06 07:59:00+00:00  185.110  185.052  0.0  0.0   0.041  0.006889  185.110       0
47  GBP_JPY 2024-08-06 08:00:00+00:00  185.160  185.109  0.0  0.0   0.037  0.069472  185.160       0
48  GBP_JPY 2024-08-06 08:01:00+00:00  185.130  185.161  0.0  0.0   0.039  0.045917  185.130       0
49  GBP_JPY 2024-08-06 08:02:00+00:00  185.063  185.130  0.0  0.0   0.040  0.017889  185.063       0
2024-08-06 10:04:00 process_candles:
       PAIR                      time    mid_c    mid_o   SL   TP  SPREAD      GAIN     LOSS  SIGNAL
45  GBP_JPY 2024-08-06 07:59:00+00:00  185.110  185.052  0.0  0.0   0.041  0.006889  185.110       0
46  GBP_JPY 2024-08-06 08:00:00+00:00  185.160  185.109  0.0  0.0   0.037  0.069472  185.160       0
47  GBP_JPY 2024-08-06 08:01:00+00:00  185.130  185.161  0.0  0.0   0.039  0.045917  185.130       0
48  GBP_JPY 2024-08-06 08:02:00+00:00  185.063  185.130  0.0  0.0   0.040  0.017889  185.063       0
49  GBP_JPY 2024-08-06 08:03:00+00:00  185.118  185.060  0.0  0.0   0.041  0.043917  185.118       0
2024-08-06 10:05:00 process_candles:
       PAIR                      time    mid_c    mid_o          SL          TP  SPREAD      GAIN        LOSS  SIGNAL
45  GBP_JPY 2024-08-06 08:00:00+00:00  185.160  185.109    0.000000    0.000000   0.037  0.069472  185.160000       0
46  GBP_JPY 2024-08-06 08:01:00+00:00  185.130  185.161    0.000000    0.000000   0.039  0.045917  185.130000       0
47  GBP_JPY 2024-08-06 08:02:00+00:00  185.063  185.130    0.000000    0.000000   0.040  0.017889  185.063000       0
48  GBP_JPY 2024-08-06 08:03:00+00:00  185.118  185.060    0.000000    0.000000   0.041  0.043917  185.118000       0
49  GBP_JPY 2024-08-06 08:04:00+00:00  184.903  185.116  184.801963  185.054556   0.034  0.151556    0.101037       1
