2024-08-06 09:42:57 LogWrapper init() ./logs/PriceStreamer.log
2024-08-06 09:43:07 
2024-08-06 09:43:07 
  instrument                             time        ask        bid
0    EUR_USD 2024-08-06 07:43:07.749893+00:00    1.09263    1.09256
1    GBP_JPY 2024-08-06 07:43:07.528319+00:00  185.31000  185.26900
2    EUR_JPY 2024-08-06 07:43:07.449394+00:00  158.96500  158.93900
3    USD_JPY 2024-08-06 07:43:07.224438+00:00  145.49200  145.47300
4    GBP_USD 2024-08-06 07:43:06.901710+00:00    1.27367    1.27354
5    EUR_GBP 2024-08-06 07:43:07.356158+00:00    0.85791    0.85782
6    USD_CAD 2024-08-06 07:43:07.391956+00:00    1.38414    1.38395
2024-08-06 09:43:27 
2024-08-06 09:43:27 
  instrument                             time        ask        bid
0    EUR_USD 2024-08-06 07:43:27.759014+00:00    1.09285    1.09277
1    GBP_JPY 2024-08-06 07:43:27.542825+00:00  185.34400  185.30400
2    EUR_JPY 2024-08-06 07:43:27.260772+00:00  158.98000  158.95300
3    USD_JPY 2024-08-06 07:43:27.479863+00:00  145.47600  145.45400
4    GBP_USD 2024-08-06 07:43:27.480879+00:00    1.27406    1.27393
5    EUR_GBP 2024-08-06 07:43:27.193465+00:00    0.85784    0.85775
6    USD_CAD 2024-08-06 07:43:27.214801+00:00    1.38405    1.38384
2024-08-06 09:43:47 
2024-08-06 09:43:47 
  instrument                             time        ask        bid
0    EUR_USD 2024-08-06 07:43:47.970772+00:00    1.09278    1.09270
1    GBP_JPY 2024-08-06 07:43:47.663617+00:00  185.26000  185.22400
2    EUR_JPY 2024-08-06 07:43:47.713485+00:00  158.90100  158.87100
3    USD_JPY 2024-08-06 07:43:47.716266+00:00  145.40800  145.38800
4    GBP_USD 2024-08-06 07:43:47.549520+00:00    1.27407    1.27393
5    EUR_GBP 2024-08-06 07:43:47.662888+00:00    0.85775    0.85767
6    USD_CAD 2024-08-06 07:43:46.971073+00:00    1.38402    1.38383
2024-08-06 09:44:07 
2024-08-06 09:44:07 
  instrument                             time        ask        bid
0    EUR_USD 2024-08-06 07:44:07.724186+00:00    1.09282    1.09276
1    GBP_JPY 2024-08-06 07:44:07.641048+00:00  185.31900  185.28100
2    EUR_JPY 2024-08-06 07:44:07.921349+00:00  158.93600  158.91000
3    USD_JPY 2024-08-06 07:44:07.773845+00:00  145.43300  145.41300
4    GBP_USD 2024-08-06 07:44:07.048323+00:00    1.27426    1.27411
5    EUR_GBP 2024-08-06 07:44:07.037590+00:00    0.85768    0.85760
6    USD_CAD 2024-08-06 07:44:07.487926+00:00    1.38384    1.38364
2024-08-06 09:44:27 
2024-08-06 09:44:27 
  instrument                             time        ask        bid
0    EUR_USD 2024-08-06 07:44:27.896356+00:00    1.09282    1.09274
1    GBP_JPY 2024-08-06 07:44:27.688749+00:00  185.29500  185.25200
2    EUR_JPY 2024-08-06 07:44:27.715363+00:00  158.90600  158.87400
3    USD_JPY 2024-08-06 07:44:27.699729+00:00  145.40700  145.39200
4    GBP_USD 2024-08-06 07:44:27.689076+00:00    1.27429    1.27416
5    EUR_GBP 2024-08-06 07:44:27.697010+00:00    0.85764    0.85755
6    USD_CAD 2024-08-06 07:44:27.584189+00:00    1.38384    1.38364
2024-08-06 09:44:48 
2024-08-06 09:44:48 
  instrument                             time        ask        bid
0    EUR_USD 2024-08-06 07:44:44.324649+00:00    1.09277    1.09271
1    GBP_JPY 2024-08-06 07:44:47.335906+00:00  185.34200  185.30200
2    EUR_JPY 2024-08-06 07:44:48.170480+00:00  158.94400  158.91600
3    USD_JPY 2024-08-06 07:44:47.052296+00:00  145.44400  145.42500
4    GBP_USD 2024-08-06 07:44:46.716621+00:00    1.27436    1.27423
5    EUR_GBP 2024-08-06 07:44:46.662620+00:00    0.85758    0.85751
6    USD_CAD 2024-08-06 07:44:47.035174+00:00    1.38377    1.38357
2024-08-06 09:45:08 
2024-08-06 09:45:08 
  instrument                             time        ask        bid
0    EUR_USD 2024-08-06 07:45:08.175346+00:00    1.09282    1.09276
1    GBP_JPY 2024-08-06 07:45:07.993021+00:00  185.33500  185.29500
2    EUR_JPY 2024-08-06 07:45:08.000697+00:00  158.95400  158.92600
3    USD_JPY 2024-08-06 07:45:06.498215+00:00  145.44800  145.43200
4    GBP_USD 2024-08-06 07:45:08.038399+00:00    1.27425    1.27411
5    EUR_GBP 2024-08-06 07:45:07.760395+00:00    0.85770    0.85762
6    USD_CAD 2024-08-06 07:45:07.989849+00:00    1.38378    1.38358
2024-08-06 09:45:28 
2024-08-06 09:45:28 
  instrument                             time        ask        bid
0    EUR_USD 2024-08-06 07:45:26.177051+00:00    1.09287    1.09280
1    GBP_JPY 2024-08-06 07:45:28.048019+00:00  185.29600  185.26700
2    EUR_JPY 2024-08-06 07:45:28.476770+00:00  158.92300  158.89300
3    USD_JPY 2024-08-06 07:45:28.110812+00:00  145.41300  145.40000
4    GBP_USD 2024-08-06 07:45:27.764555+00:00    1.27428    1.27416
5    EUR_GBP 2024-08-06 07:45:27.917278+00:00    0.85771    0.85762
6    USD_CAD 2024-08-06 07:45:28.185088+00:00    1.38375    1.38360
2024-08-06 09:45:48 
2024-08-06 09:45:48 
  instrument                             time        ask        bid
0    EUR_USD 2024-08-06 07:45:48.470579+00:00    1.09281    1.09274
1    GBP_JPY 2024-08-06 07:45:48.395334+00:00  185.31200  185.27600
2    EUR_JPY 2024-08-06 07:45:48.368718+00:00  158.93500  158.90700
3    USD_JPY 2024-08-06 07:45:48.371404+00:00  145.43600  145.41300
4    GBP_USD 2024-08-06 07:45:47.952820+00:00    1.27420    1.27408
5    EUR_GBP 2024-08-06 07:45:48.338726+00:00    0.85773    0.85764
6    USD_CAD 2024-08-06 07:45:47.773270+00:00    1.38380    1.38364
2024-08-06 09:46:08 
2024-08-06 09:46:08 
  instrument                             time        ask        bid
0    EUR_USD 2024-08-06 07:46:08.764203+00:00    1.09285    1.09278
1    GBP_JPY 2024-08-06 07:46:08.548657+00:00  185.39400  185.35500
2    EUR_JPY 2024-08-06 07:46:08.534779+00:00  158.97100  158.94700
3    USD_JPY 2024-08-06 07:46:07.930414+00:00  145.46800  145.44900
4    GBP_USD 2024-08-06 07:46:08.535793+00:00    1.27446    1.27434
5    EUR_GBP 2024-08-06 07:46:08.224243+00:00    0.85755    0.85748
6    USD_CAD 2024-08-06 07:46:07.689608+00:00    1.38362    1.38344
2024-08-06 09:46:28 
2024-08-06 09:46:28 
  instrument                             time        ask        bid
0    EUR_USD 2024-08-06 07:46:28.881083+00:00    1.09304    1.09296
1    GBP_JPY 2024-08-06 07:46:28.459345+00:00  185.47900  185.43700
2    EUR_JPY 2024-08-06 07:46:28.259024+00:00  159.05400  159.02800
3    USD_JPY 2024-08-06 07:46:28.372209+00:00  145.51800  145.49600
4    GBP_USD 2024-08-06 07:46:28.646084+00:00    1.27461    1.27449
5    EUR_GBP 2024-08-06 07:46:27.423790+00:00    0.85759    0.85751
6    USD_CAD 2024-08-06 07:46:28.473621+00:00    1.38336    1.38317
2024-08-06 09:46:48 
2024-08-06 09:46:48 
  instrument                             time        ask        bid
0    EUR_USD 2024-08-06 07:46:48.753411+00:00    1.09303    1.09295
1    GBP_JPY 2024-08-06 07:46:47.630455+00:00  185.49000  185.45300
2    EUR_JPY 2024-08-06 07:46:47.470449+00:00  159.06400  159.03800
3    USD_JPY 2024-08-06 07:46:47.629725+00:00  145.52500  145.50700
4    GBP_USD 2024-08-06 07:46:47.680765+00:00    1.27466    1.27452
5    EUR_GBP 2024-08-06 07:46:47.159793+00:00    0.85757    0.85748
6    USD_CAD 2024-08-06 07:46:47.703376+00:00    1.38341    1.38323
2024-08-06 09:47:09 
2024-08-06 09:47:09 
  instrument                             time        ask        bid
0    EUR_USD 2024-08-06 07:47:09.041293+00:00    1.09294    1.09286
1    GBP_JPY 2024-08-06 07:47:08.767632+00:00  185.40300  185.37000
2    EUR_JPY 2024-08-06 07:47:09.292768+00:00  158.98900  158.96400
3    USD_JPY 2024-08-06 07:47:08.906832+00:00  145.47400  145.45500
4    GBP_USD 2024-08-06 07:47:08.551622+00:00    1.27451    1.27438
5    EUR_GBP 2024-08-06 07:47:07.922242+00:00    0.85759    0.85750
6    USD_CAD 2024-08-06 07:47:08.943022+00:00    1.38350    1.38331
2024-08-06 09:47:29 
2024-08-06 09:47:29 
  instrument                             time        ask        bid
0    EUR_USD 2024-08-06 07:47:29.264070+00:00    1.09295    1.09288
1    GBP_JPY 2024-08-06 07:47:29.174228+00:00  185.43300  185.39500
2    EUR_JPY 2024-08-06 07:47:29.260841+00:00  159.02500  159.00000
3    USD_JPY 2024-08-06 07:47:28.880051+00:00  145.50600  145.48500
4    GBP_USD 2024-08-06 07:47:29.172961+00:00    1.27445    1.27431
5    EUR_GBP 2024-08-06 07:47:29.489705+00:00    0.85764    0.85756
6    USD_CAD 2024-08-06 07:47:29.109842+00:00    1.38345    1.38328
2024-08-06 09:47:49 
2024-08-06 09:47:49 
  instrument                             time        ask        bid
0    EUR_USD 2024-08-06 07:47:49.359986+00:00    1.09284    1.09277
1    GBP_JPY 2024-08-06 07:47:49.298258+00:00  185.41200  185.37400
2    EUR_JPY 2024-08-06 07:47:49.549524+00:00  159.01200  158.98500
3    USD_JPY 2024-08-06 07:47:49.420175+00:00  145.50500  145.48600
4    GBP_USD 2024-08-06 07:47:49.063259+00:00    1.27427    1.27414
5    EUR_GBP 2024-08-06 07:47:49.114522+00:00    0.85768    0.85760
6    USD_CAD 2024-08-06 07:47:49.268971+00:00    1.38347    1.38328
2024-08-06 09:48:09 
2024-08-06 09:48:09 
  instrument                             time        ask        bid
0    EUR_USD 2024-08-06 07:48:09.593731+00:00    1.09273    1.09266
1    GBP_JPY 2024-08-06 07:48:09.253841+00:00  185.38100  185.34400
2    EUR_JPY 2024-08-06 07:48:09.760348+00:00  158.98200  158.95700
3    USD_JPY 2024-08-06 07:48:09.207725+00:00  145.49300  145.47600
4    GBP_USD 2024-08-06 07:48:09.417662+00:00    1.27417    1.27404
5    EUR_GBP 2024-08-06 07:48:06.200972+00:00    0.85767    0.85756
6    USD_CAD 2024-08-06 07:48:09.495531+00:00    1.38346    1.38330
2024-08-06 09:48:29 
2024-08-06 09:48:29 
  instrument                             time        ask        bid
0    EUR_USD 2024-08-06 07:48:29.589992+00:00    1.09255    1.09247
1    GBP_JPY 2024-08-06 07:48:29.785588+00:00  185.35900  185.31800
2    EUR_JPY 2024-08-06 07:48:29.472163+00:00  158.94300  158.91400
3    USD_JPY 2024-08-06 07:48:29.731097+00:00  145.48200  145.46200
4    GBP_USD 2024-08-06 07:48:29.737899+00:00    1.27410    1.27399
5    EUR_GBP 2024-08-06 07:48:30.039161+00:00    0.85755    0.85745
6    USD_CAD 2024-08-06 07:48:29.665357+00:00    1.38353    1.38334
2024-08-06 09:48:49 
2024-08-06 09:48:49 
  instrument                             time        ask        bid
0    EUR_USD 2024-08-06 07:48:50.022188+00:00    1.09264    1.09256
1    GBP_JPY 2024-08-06 07:48:49.672048+00:00  185.36500  185.32400
2    EUR_JPY 2024-08-06 07:48:49.579355+00:00  158.94700  158.91500
3    USD_JPY 2024-08-06 07:48:49.467707+00:00  145.47500  145.45500
4    GBP_USD 2024-08-06 07:48:49.665627+00:00    1.27426    1.27412
5    EUR_GBP 2024-08-06 07:48:48.783515+00:00    0.85753    0.85744
6    USD_CAD 2024-08-06 07:48:49.799298+00:00    1.38343    1.38326
2024-08-06 09:49:10 
2024-08-06 09:49:10 
  instrument                             time        ask        bid
0    EUR_USD 2024-08-06 07:49:09.849302+00:00    1.09248    1.09241
1    GBP_JPY 2024-08-06 07:49:09.849578+00:00  185.27000  185.23600
2    EUR_JPY 2024-08-06 07:49:09.903393+00:00  158.86200  158.83700
3    USD_JPY 2024-08-06 07:49:09.907617+00:00  145.41800  145.40000
4    GBP_USD 2024-08-06 07:49:09.894333+00:00    1.27410    1.27397
5    EUR_GBP 2024-08-06 07:49:10.064861+00:00    0.85752    0.85742
6    USD_CAD 2024-08-06 07:49:09.894194+00:00    1.38352    1.38334
2024-08-06 09:49:30 
2024-08-06 09:49:30 
  instrument                             time        ask        bid
0    EUR_USD 2024-08-06 07:49:30.264328+00:00    1.09231    1.09223
1    GBP_JPY 2024-08-06 07:49:29.979854+00:00  185.20100  185.16200
2    EUR_JPY 2024-08-06 07:49:30.027234+00:00  158.80200  158.78000
3    USD_JPY 2024-08-06 07:49:29.979259+00:00  145.38400  145.36900
4    GBP_USD 2024-08-06 07:49:29.676362+00:00    1.27390    1.27376
5    EUR_GBP 2024-08-06 07:49:28.402839+00:00    0.85753    0.85745
6    USD_CAD 2024-08-06 07:49:30.004341+00:00    1.38365    1.38344
2024-08-06 09:49:50 
2024-08-06 09:49:50 
  instrument                             time        ask        bid
0    EUR_USD 2024-08-06 07:49:50.462530+00:00    1.09230    1.09222
1    GBP_JPY 2024-08-06 07:49:49.949755+00:00  185.15100  185.11500
2    EUR_JPY 2024-08-06 07:49:49.979206+00:00  158.77200  158.74700
3    USD_JPY 2024-08-06 07:49:50.261636+00:00  145.35800  145.34000
4    GBP_USD 2024-08-06 07:49:49.766666+00:00    1.27381    1.27367
5    EUR_GBP 2024-08-06 07:49:48.189400+00:00    0.85757    0.85746
6    USD_CAD 2024-08-06 07:49:49.813545+00:00    1.38366    1.38346
2024-08-06 09:50:10 
2024-08-06 09:50:10 
  instrument                             time        ask        bid
0    EUR_USD 2024-08-06 07:50:10.646077+00:00    1.09237    1.09230
1    GBP_JPY 2024-08-06 07:50:10.360026+00:00  185.15800  185.12000
2    EUR_JPY 2024-08-06 07:50:10.350973+00:00  158.79200  158.76600
3    USD_JPY 2024-08-06 07:50:10.358868+00:00  145.36800  145.35100
4    GBP_USD 2024-08-06 07:50:10.390924+00:00    1.27376    1.27362
5    EUR_GBP 2024-08-06 07:50:10.212288+00:00    0.85767    0.85757
6    USD_CAD 2024-08-06 07:50:10.132775+00:00    1.38368    1.38347
2024-08-06 09:50:30 
2024-08-06 09:50:30 
  instrument                             time        ask        bid
0    EUR_USD 2024-08-06 07:50:30.684350+00:00    1.09253    1.09245
1    GBP_JPY 2024-08-06 07:50:30.385836+00:00  185.18500  185.14700
2    EUR_JPY 2024-08-06 07:50:30.540118+00:00  158.82900  158.79700
3    USD_JPY 2024-08-06 07:50:30.364199+00:00  145.37800  145.36200
4    GBP_USD 2024-08-06 07:50:30.125155+00:00    1.27385    1.27370
5    EUR_GBP 2024-08-06 07:50:30.072108+00:00    0.85772    0.85762
6    USD_CAD 2024-08-06 07:50:30.452339+00:00    1.38365    1.38345
2024-08-06 09:50:50 
2024-08-06 09:50:50 
  instrument                             time        ask        bid
0    EUR_USD 2024-08-06 07:50:50.367643+00:00    1.09254    1.09247
1    GBP_JPY 2024-08-06 07:50:50.618776+00:00  185.14200  185.10700
2    EUR_JPY 2024-08-06 07:50:50.590302+00:00  158.79700  158.76600
3    USD_JPY 2024-08-06 07:50:50.613785+00:00  145.35000  145.32800
4    GBP_USD 2024-08-06 07:50:50.669365+00:00    1.27383    1.27370
5    EUR_GBP 2024-08-06 07:50:50.868312+00:00    0.85774    0.85764
6    USD_CAD 2024-08-06 07:50:50.612636+00:00    1.38364    1.38345
2024-08-06 09:51:10 
2024-08-06 09:51:10 
  instrument                             time        ask        bid
0    EUR_USD 2024-08-06 07:51:11.097125+00:00    1.09246    1.09240
1    GBP_JPY 2024-08-06 07:51:10.728535+00:00  185.12600  185.08600
2    EUR_JPY 2024-08-06 07:51:10.868061+00:00  158.78200  158.75600
3    USD_JPY 2024-08-06 07:51:10.828324+00:00  145.34500  145.32300
4    GBP_USD 2024-08-06 07:51:10.778661+00:00    1.27373    1.27359
5    EUR_GBP 2024-08-06 07:51:09.075282+00:00    0.85776    0.85765
6    USD_CAD 2024-08-06 07:51:10.841606+00:00    1.38365    1.38346
2024-08-06 09:51:31 
2024-08-06 09:51:31 
  instrument                             time        ask        bid
0    EUR_USD 2024-08-06 07:51:30.532296+00:00    1.09254    1.09247
1    GBP_JPY 2024-08-06 07:51:30.618629+00:00  185.27500  185.23100
2    EUR_JPY 2024-08-06 07:51:31.161060+00:00  158.88300  158.85200
3    USD_JPY 2024-08-06 07:51:30.508581+00:00  145.43400  145.41100
4    GBP_USD 2024-08-06 07:51:30.596959+00:00    1.27395    1.27382
5    EUR_GBP 2024-08-06 07:51:30.229617+00:00    0.85766    0.85757
6    USD_CAD 2024-08-06 07:51:30.550918+00:00    1.38355    1.38334
2024-08-06 09:51:51 
2024-08-06 09:51:51 
  instrument                             time        ask        bid
0    EUR_USD 2024-08-06 07:51:48.627993+00:00    1.09257    1.09250
1    GBP_JPY 2024-08-06 07:51:50.854146+00:00  185.23700  185.20000
2    EUR_JPY 2024-08-06 07:51:51.232178+00:00  158.88500  158.85400
3    USD_JPY 2024-08-06 07:51:50.891921+00:00  145.41900  145.39400
4    GBP_USD 2024-08-06 07:51:50.720097+00:00    1.27386    1.27373
5    EUR_GBP 2024-08-06 07:51:49.829841+00:00    0.85775    0.85764
6    USD_CAD 2024-08-06 07:51:50.971572+00:00    1.38359    1.38338
2024-08-06 09:52:11 
2024-08-06 09:52:11 
  instrument                             time        ask        bid
0    EUR_USD 2024-08-06 07:52:11.419813+00:00    1.09236    1.09229
1    GBP_JPY 2024-08-06 07:52:11.222313+00:00  185.17700  185.13600
2    EUR_JPY 2024-08-06 07:52:11.045071+00:00  158.81200  158.78500
3    USD_JPY 2024-08-06 07:52:11.042673+00:00  145.38400  145.36300
4    GBP_USD 2024-08-06 07:52:11.214998+00:00    1.27371    1.27359
5    EUR_GBP 2024-08-06 07:52:11.018681+00:00    0.85769    0.85760
6    USD_CAD 2024-08-06 07:52:10.625372+00:00    1.38358    1.38339
2024-08-06 09:52:31 
2024-08-06 09:52:31 
  instrument                             time        ask        bid
0    EUR_USD 2024-08-06 07:52:30.913244+00:00    1.09244    1.09236
1    GBP_JPY 2024-08-06 07:52:31.143067+00:00  185.24600  185.20600
2    EUR_JPY 2024-08-06 07:52:31.231425+00:00  158.87400  158.84800
3    USD_JPY 2024-08-06 07:52:31.058588+00:00  145.43300  145.41400
4    GBP_USD 2024-08-06 07:52:30.930670+00:00    1.27375    1.27363
5    EUR_GBP 2024-08-06 07:52:31.293455+00:00    0.85770    0.85761
6    USD_CAD 2024-08-06 07:52:31.587755+00:00    1.38359    1.38338
2024-08-06 09:52:51 
2024-08-06 09:52:51 
  instrument                             time        ask        bid
0    EUR_USD 2024-08-06 07:52:51.773310+00:00    1.09252    1.09246
1    GBP_JPY 2024-08-06 07:52:51.472284+00:00  185.27100  185.23200
2    EUR_JPY 2024-08-06 07:52:51.471437+00:00  158.91400  158.88400
3    USD_JPY 2024-08-06 07:52:51.470981+00:00  145.44900  145.43200
4    GBP_USD 2024-08-06 07:52:51.377317+00:00    1.27376    1.27363
5    EUR_GBP 2024-08-06 07:52:51.210158+00:00    0.85777    0.85768
6    USD_CAD 2024-08-06 07:52:51.465609+00:00    1.38356    1.38334
2024-08-06 09:53:11 
2024-08-06 09:53:11 
  instrument                             time        ask        bid
0    EUR_USD 2024-08-06 07:53:11.564960+00:00    1.09253    1.09246
1    GBP_JPY 2024-08-06 07:53:11.702563+00:00  185.20100  185.16200
2    EUR_JPY 2024-08-06 07:53:11.981369+00:00  158.83300  158.80200
3    USD_JPY 2024-08-06 07:53:11.702181+00:00  145.37700  145.36200
4    GBP_USD 2024-08-06 07:53:11.594939+00:00    1.27392    1.27377
5    EUR_GBP 2024-08-06 07:53:11.360842+00:00    0.85768    0.85761
6    USD_CAD 2024-08-06 07:53:11.070541+00:00    1.38356    1.38335
2024-08-06 09:53:32 
2024-08-06 09:53:32 
  instrument                             time        ask        bid
0    EUR_USD 2024-08-06 07:53:32.147349+00:00    1.09245    1.09239
1    GBP_JPY 2024-08-06 07:53:31.725897+00:00  185.12000  185.08300
2    EUR_JPY 2024-08-06 07:53:31.897754+00:00  158.77500  158.75000
3    USD_JPY 2024-08-06 07:53:31.900365+00:00  145.33900  145.32200
4    GBP_USD 2024-08-06 07:53:31.573880+00:00    1.27370    1.27357
5    EUR_GBP 2024-08-06 07:53:31.558423+00:00    0.85775    0.85765
6    USD_CAD 2024-08-06 07:53:31.830100+00:00    1.38378    1.38359
2024-08-06 09:53:52 
2024-08-06 09:53:52 
  instrument                             time        ask        bid
0    EUR_USD 2024-08-06 07:53:52.208518+00:00    1.09237    1.09230
1    GBP_JPY 2024-08-06 07:53:51.755273+00:00  185.08100  185.05000
2    EUR_JPY 2024-08-06 07:53:51.997286+00:00  158.74500  158.72000
3    USD_JPY 2024-08-06 07:53:51.958267+00:00  145.31900  145.30300
4    GBP_USD 2024-08-06 07:53:51.676096+00:00    1.27363    1.27349
5    EUR_GBP 2024-08-06 07:53:51.830413+00:00    0.85774    0.85765
6    USD_CAD 2024-08-06 07:53:51.938769+00:00    1.38386    1.38364
2024-08-06 09:54:12 
2024-08-06 09:54:12 
  instrument                             time        ask        bid
0    EUR_USD 2024-08-06 07:54:11.298221+00:00    1.09246    1.09240
1    GBP_JPY 2024-08-06 07:54:12.220691+00:00  185.11200  185.07600
2    EUR_JPY 2024-08-06 07:54:12.223388+00:00  158.76500  158.73400
3    USD_JPY 2024-08-06 07:54:11.657443+00:00  145.32200  145.30400
4    GBP_USD 2024-08-06 07:54:12.220063+00:00    1.27379    1.27367
5    EUR_GBP 2024-08-06 07:54:12.350745+00:00    0.85770    0.85762
6    USD_CAD 2024-08-06 07:54:12.090509+00:00    1.38382    1.38363
2024-08-06 09:54:32 
2024-08-06 09:54:32 
  instrument                             time        ask        bid
0    EUR_USD 2024-08-06 07:54:32.553722+00:00    1.09240    1.09233
1    GBP_JPY 2024-08-06 07:54:32.292154+00:00  185.05900  185.01800
2    EUR_JPY 2024-08-06 07:54:32.102823+00:00  158.73000  158.69800
3    USD_JPY 2024-08-06 07:54:32.287365+00:00  145.30200  145.28000
4    GBP_USD 2024-08-06 07:54:32.268411+00:00    1.27364    1.27350
5    EUR_GBP 2024-08-06 07:54:32.048774+00:00    0.85776    0.85765
6    USD_CAD 2024-08-06 07:54:32.223976+00:00    1.38395    1.38375
2024-08-06 09:54:52 
2024-08-06 09:54:52 
  instrument                             time        ask        bid
0    EUR_USD 2024-08-06 07:54:52.154927+00:00    1.09238    1.09231
1    GBP_JPY 2024-08-06 07:54:52.312634+00:00  185.05700  185.01900
2    EUR_JPY 2024-08-06 07:54:52.380243+00:00  158.72000  158.69500
3    USD_JPY 2024-08-06 07:54:52.309264+00:00  145.29700  145.28200
4    GBP_USD 2024-08-06 07:54:52.064189+00:00    1.27365    1.27349
5    EUR_GBP 2024-08-06 07:54:52.724983+00:00    0.85776    0.85768
6    USD_CAD 2024-08-06 07:54:52.293670+00:00    1.38401    1.38380
2024-08-06 09:55:12 
2024-08-06 09:55:12 
  instrument                             time        ask        bid
0    EUR_USD 2024-08-06 07:55:12.086603+00:00    1.09238    1.09230
1    GBP_JPY 2024-08-06 07:55:12.510279+00:00  185.02100  184.98400
2    EUR_JPY 2024-08-06 07:55:12.492520+00:00  158.68800  158.65800
3    USD_JPY 2024-08-06 07:55:12.392965+00:00  145.26900  145.24600
4    GBP_USD 2024-08-06 07:55:12.456061+00:00    1.27363    1.27352
5    EUR_GBP 2024-08-06 07:55:12.667355+00:00    0.85772    0.85765
6    USD_CAD 2024-08-06 07:55:12.467530+00:00    1.38399    1.38377
2024-08-06 09:55:32 
2024-08-06 09:55:32 
  instrument                             time        ask        bid
0    EUR_USD 2024-08-06 07:55:32.880477+00:00    1.09235    1.09226
1    GBP_JPY 2024-08-06 07:55:32.658789+00:00  185.04100  185.00300
2    EUR_JPY 2024-08-06 07:55:32.625236+00:00  158.68900  158.66700
3    USD_JPY 2024-08-06 07:55:32.646366+00:00  145.27600  145.25900
4    GBP_USD 2024-08-06 07:55:32.367975+00:00    1.27368    1.27357
5    EUR_GBP 2024-08-06 07:55:32.518201+00:00    0.85766    0.85759
6    USD_CAD 2024-08-06 07:55:32.637266+00:00    1.38405    1.38384
2024-08-06 09:55:53 
2024-08-06 09:55:53 
  instrument                             time        ask        bid
0    EUR_USD 2024-08-06 07:55:50.082404+00:00    1.09231    1.09223
1    GBP_JPY 2024-08-06 07:55:52.674201+00:00  185.05500  185.01900
2    EUR_JPY 2024-08-06 07:55:52.670426+00:00  158.71500  158.68900
3    USD_JPY 2024-08-06 07:55:52.663518+00:00  145.30100  145.28400
4    GBP_USD 2024-08-06 07:55:52.623482+00:00    1.27362    1.27348
5    EUR_GBP 2024-08-06 07:55:51.696113+00:00    0.85771    0.85761
6    USD_CAD 2024-08-06 07:55:53.078851+00:00    1.38418    1.38396
2024-08-06 09:56:13 
2024-08-06 09:56:13 
  instrument                             time        ask        bid
0    EUR_USD 2024-08-06 07:56:13.179042+00:00    1.09237    1.09229
1    GBP_JPY 2024-08-06 07:56:12.962990+00:00  185.00700  184.96600
2    EUR_JPY 2024-08-06 07:56:13.016991+00:00  158.67000  158.64200
3    USD_JPY 2024-08-06 07:56:12.953696+00:00  145.25600  145.23600
4    GBP_USD 2024-08-06 07:56:12.958800+00:00    1.27365    1.27353
5    EUR_GBP 2024-08-06 07:56:12.533817+00:00    0.85772    0.85761
6    USD_CAD 2024-08-06 07:56:13.015013+00:00    1.38407    1.38387
2024-08-06 09:56:33 
2024-08-06 09:56:33 
  instrument                             time        ask        bid
0    EUR_USD 2024-08-06 07:56:32.954481+00:00    1.09239    1.09232
1    GBP_JPY 2024-08-06 07:56:32.562588+00:00  184.97900  184.94700
2    EUR_JPY 2024-08-06 07:56:33.177539+00:00  158.64600  158.62200
3    USD_JPY 2024-08-06 07:56:32.842950+00:00  145.23100  145.21500
4    GBP_USD 2024-08-06 07:56:32.139475+00:00    1.27372    1.27360
5    EUR_GBP 2024-08-06 07:56:33.118316+00:00    0.85771    0.85761
6    USD_CAD 2024-08-06 07:56:33.270418+00:00    1.38393    1.38375
2024-08-06 09:56:53 
2024-08-06 09:56:53 
  instrument                             time        ask        bid
0    EUR_USD 2024-08-06 07:56:53.481755+00:00    1.09251    1.09244
1    GBP_JPY 2024-08-06 07:56:53.065989+00:00  185.02300  184.98400
2    EUR_JPY 2024-08-06 07:56:53.176677+00:00  158.68900  158.66800
3    USD_JPY 2024-08-06 07:56:53.195282+00:00  145.25000  145.22900
4    GBP_USD 2024-08-06 07:56:52.066719+00:00    1.27383    1.27370
5    EUR_GBP 2024-08-06 07:56:53.167722+00:00    0.85773    0.85764
6    USD_CAD 2024-08-06 07:56:52.715480+00:00    1.38374    1.38358
2024-08-06 09:57:13 
2024-08-06 09:57:13 
  instrument                             time        ask        bid
0    EUR_USD 2024-08-06 07:57:13.526742+00:00    1.09262    1.09255
1    GBP_JPY 2024-08-06 07:57:13.271020+00:00  184.99600  184.95600
2    EUR_JPY 2024-08-06 07:57:13.241417+00:00  158.66800  158.64000
3    USD_JPY 2024-08-06 07:57:13.209014+00:00  145.22300  145.19800
4    GBP_USD 2024-08-06 07:57:13.189294+00:00    1.27388    1.27377
5    EUR_GBP 2024-08-06 07:57:13.178751+00:00    0.85775    0.85767
6    USD_CAD 2024-08-06 07:57:11.065802+00:00    1.38381    1.38362
2024-08-06 09:57:33 
2024-08-06 09:57:33 
  instrument                             time        ask        bid
0    EUR_USD 2024-08-06 07:57:33.357105+00:00    1.09259    1.09253
1    GBP_JPY 2024-08-06 07:57:33.056820+00:00  184.95900  184.92800
2    EUR_JPY 2024-08-06 07:57:33.068431+00:00  158.63900  158.61100
3    USD_JPY 2024-08-06 07:57:33.111948+00:00  145.20100  145.17600
4    GBP_USD 2024-08-06 07:57:33.135476+00:00    1.27386    1.27373
5    EUR_GBP 2024-08-06 07:57:33.618652+00:00    0.85776    0.85767
6    USD_CAD 2024-08-06 07:57:33.070703+00:00    1.38385    1.38367
2024-08-06 09:57:53 
2024-08-06 09:57:53 
  instrument                             time        ask        bid
0    EUR_USD 2024-08-06 07:57:53.041836+00:00    1.09256    1.09249
1    GBP_JPY 2024-08-06 07:57:53.270536+00:00  184.95800  184.91900
2    EUR_JPY 2024-08-06 07:57:53.446732+00:00  158.63300  158.61300
3    USD_JPY 2024-08-06 07:57:53.272348+00:00  145.19900  145.18000
4    GBP_USD 2024-08-06 07:57:53.425859+00:00    1.27385    1.27371
5    EUR_GBP 2024-08-06 07:57:53.717649+00:00    0.85775    0.85765
6    USD_CAD 2024-08-06 07:57:52.190950+00:00    1.38387    1.38367
2024-08-06 09:58:13 
2024-08-06 09:58:13 
  instrument                             time        ask        bid
0    EUR_USD 2024-08-06 07:58:13.711532+00:00    1.09262    1.09254
1    GBP_JPY 2024-08-06 07:58:13.549089+00:00  185.09800  185.06000
2    EUR_JPY 2024-08-06 07:58:13.576880+00:00  158.72100  158.69200
3    USD_JPY 2024-08-06 07:58:13.055809+00:00  145.26600  145.25000
4    GBP_USD 2024-08-06 07:58:13.473921+00:00    1.27423    1.27409
5    EUR_GBP 2024-08-06 07:58:13.519403+00:00    0.85755    0.85744
6    USD_CAD 2024-08-06 07:58:13.485246+00:00    1.38359    1.38338
2024-08-06 09:58:33 
2024-08-06 09:58:33 
  instrument                             time        ask        bid
0    EUR_USD 2024-08-06 07:58:33.300188+00:00    1.09268    1.09261
1    GBP_JPY 2024-08-06 07:58:33.239106+00:00  185.11700  185.07800
2    EUR_JPY 2024-08-06 07:58:33.914973+00:00  158.72400  158.69800
3    USD_JPY 2024-08-06 07:58:33.453810+00:00  145.26000  145.24200
4    GBP_USD 2024-08-06 07:58:31.730022+00:00    1.27439    1.27424
5    EUR_GBP 2024-08-06 07:58:31.752514+00:00    0.85750    0.85739
6    USD_CAD 2024-08-06 07:58:33.497886+00:00    1.38347    1.38328
2024-08-06 09:58:53 
2024-08-06 09:58:53 
  instrument                             time        ask        bid
0    EUR_USD 2024-08-06 07:58:53.582745+00:00    1.09266    1.09258
1    GBP_JPY 2024-08-06 07:58:53.692867+00:00  185.07600  185.04000
2    EUR_JPY 2024-08-06 07:58:53.726642+00:00  158.70200  158.67700
3    USD_JPY 2024-08-06 07:58:52.823965+00:00  145.24700  145.22800
4    GBP_USD 2024-08-06 07:58:52.584124+00:00    1.27426    1.27411
5    EUR_GBP 2024-08-06 07:58:53.793157+00:00    0.85756    0.85746
6    USD_CAD 2024-08-06 07:58:53.224827+00:00    1.38348    1.38329
2024-08-06 09:59:13 
2024-08-06 09:59:13 
  instrument                             time        ask        bid
0    EUR_USD 2024-08-06 07:59:12.022063+00:00    1.09253    1.09246
1    GBP_JPY 2024-08-06 07:59:13.848529+00:00  185.03100  184.99300
2    EUR_JPY 2024-08-06 07:59:13.470076+00:00  158.67300  158.65000
3    USD_JPY 2024-08-06 07:59:13.529486+00:00  145.23800  145.22300
4    GBP_USD 2024-08-06 07:59:13.827230+00:00    1.27400    1.27386
5    EUR_GBP 2024-08-06 07:59:13.725678+00:00    0.85764    0.85753
6    USD_CAD 2024-08-06 07:59:14.086294+00:00    1.38362    1.38341
2024-08-06 09:59:34 
2024-08-06 09:59:34 
  instrument                             time        ask        bid
0    EUR_USD 2024-08-06 07:59:34.168451+00:00    1.09262    1.09256
1    GBP_JPY 2024-08-06 07:59:33.366475+00:00  185.09400  185.05500
2    EUR_JPY 2024-08-06 07:59:33.980129+00:00  158.73400  158.70900
3    USD_JPY 2024-08-06 07:59:33.880511+00:00  145.27600  145.26100
4    GBP_USD 2024-08-06 07:59:33.800615+00:00    1.27407    1.27394
5    EUR_GBP 2024-08-06 07:59:33.086320+00:00    0.85765    0.85755
6    USD_CAD 2024-08-06 07:59:33.508717+00:00    1.38356    1.38335
2024-08-06 09:59:54 
2024-08-06 09:59:54 
  instrument                             time        ask        bid
0    EUR_USD 2024-08-06 07:59:52.253859+00:00    1.09272    1.09264
1    GBP_JPY 2024-08-06 07:59:53.556822+00:00  185.15600  185.11500
2    EUR_JPY 2024-08-06 07:59:54.403721+00:00  158.79200  158.76600
3    USD_JPY 2024-08-06 07:59:53.710524+00:00  145.32100  145.30100
4    GBP_USD 2024-08-06 07:59:53.620249+00:00    1.27413    1.27401
5    EUR_GBP 2024-08-06 07:59:53.556649+00:00    0.85769    0.85758
6    USD_CAD 2024-08-06 07:59:53.363559+00:00    1.38353    1.38337
2024-08-06 10:00:14 
2024-08-06 10:00:14 
  instrument                             time        ask        bid
0    EUR_USD 2024-08-06 08:00:14.494528+00:00    1.09292    1.09285
1    GBP_JPY 2024-08-06 08:00:13.891541+00:00  185.18400  185.14400
2    EUR_JPY 2024-08-06 08:00:13.938914+00:00  158.83000  158.80800
3    USD_JPY 2024-08-06 08:00:14.154662+00:00  145.33400  145.31400
4    GBP_USD 2024-08-06 08:00:14.239895+00:00    1.27422    1.27411
5    EUR_GBP 2024-08-06 08:00:13.050950+00:00    0.85777    0.85767
6    USD_CAD 2024-08-06 08:00:14.075874+00:00    1.38346    1.38330
2024-08-06 10:00:34 
2024-08-06 10:00:34 
  instrument                             time        ask        bid
0    EUR_USD 2024-08-06 08:00:34.248382+00:00    1.09288    1.09281
1    GBP_JPY 2024-08-06 08:00:34.229905+00:00  185.18600  185.15100
2    EUR_JPY 2024-08-06 08:00:34.161279+00:00  158.85400  158.82800
3    USD_JPY 2024-08-06 08:00:34.492758+00:00  145.36000  145.34100
4    GBP_USD 2024-08-06 08:00:34.231898+00:00    1.27404    1.27391
5    EUR_GBP 2024-08-06 08:00:33.992920+00:00    0.85785    0.85778
6    USD_CAD 2024-08-06 08:00:34.097866+00:00    1.38354    1.38337
2024-08-06 10:00:54 
2024-08-06 10:00:54 
  instrument                             time        ask        bid
0    EUR_USD 2024-08-06 08:00:54.605522+00:00    1.09261    1.09253
1    GBP_JPY 2024-08-06 08:00:54.436879+00:00  185.19600  185.15800
2    EUR_JPY 2024-08-06 08:00:54.348741+00:00  158.85300  158.82500
3    USD_JPY 2024-08-06 08:00:54.390714+00:00  145.38800  145.36900
4    GBP_USD 2024-08-06 08:00:54.313444+00:00    1.27383    1.27369
5    EUR_GBP 2024-08-06 08:00:54.389805+00:00    0.85780    0.85770
6    USD_CAD 2024-08-06 08:00:54.186135+00:00    1.38377    1.38361
2024-08-06 10:01:14 
2024-08-06 10:01:14 
  instrument                             time        ask        bid
0    EUR_USD 2024-08-06 08:01:14.957928+00:00    1.09257    1.09249
1    GBP_JPY 2024-08-06 08:01:14.334219+00:00  185.15300  185.11400
2    EUR_JPY 2024-08-06 08:01:14.666708+00:00  158.80500  158.77500
3    USD_JPY 2024-08-06 08:01:14.624124+00:00  145.35300  145.33000
4    GBP_USD 2024-08-06 08:01:14.211057+00:00    1.27386    1.27374
5    EUR_GBP 2024-08-06 08:01:13.809874+00:00    0.85771    0.85764
6    USD_CAD 2024-08-06 08:01:13.587921+00:00    1.38363    1.38348
2024-08-06 10:01:34 
2024-08-06 10:01:34 
  instrument                             time        ask        bid
0    EUR_USD 2024-08-06 08:01:34.896242+00:00    1.09239    1.09233
1    GBP_JPY 2024-08-06 08:01:34.436526+00:00  185.05300  185.01400
2    EUR_JPY 2024-08-06 08:01:34.803950+00:00  158.72000  158.68900
3    USD_JPY 2024-08-06 08:01:34.557675+00:00  145.29900  145.27900
4    GBP_USD 2024-08-06 08:01:34.706373+00:00    1.27362    1.27350
5    EUR_GBP 2024-08-06 08:01:34.656368+00:00    0.85775    0.85765
6    USD_CAD 2024-08-06 08:01:34.661634+00:00    1.38375    1.38357
2024-08-06 10:01:55 
2024-08-06 10:01:55 
  instrument                             time        ask        bid
0    EUR_USD 2024-08-06 08:01:55.157437+00:00    1.09240    1.09234
1    GBP_JPY 2024-08-06 08:01:54.871716+00:00  185.10900  185.07000
2    EUR_JPY 2024-08-06 08:01:54.827612+00:00  158.76600  158.73700
3    USD_JPY 2024-08-06 08:01:54.849753+00:00  145.33900  145.31400
4    GBP_USD 2024-08-06 08:01:54.833998+00:00    1.27365    1.27354
5    EUR_GBP 2024-08-06 08:01:54.884382+00:00    0.85775    0.85765
6    USD_CAD 2024-08-06 08:01:54.494404+00:00    1.38379    1.38361
2024-08-06 10:02:15 
2024-08-06 10:02:15 
  instrument                             time        ask        bid
0    EUR_USD 2024-08-06 08:02:14.614671+00:00    1.09247    1.09240
1    GBP_JPY 2024-08-06 08:02:14.912400+00:00  185.14700  185.10800
2    EUR_JPY 2024-08-06 08:02:15.147934+00:00  158.79900  158.76800
3    USD_JPY 2024-08-06 08:02:14.950084+00:00  145.35900  145.33500
4    GBP_USD 2024-08-06 08:02:14.774854+00:00    1.27376    1.27364
5    EUR_GBP 2024-08-06 08:02:14.726888+00:00    0.85774    0.85765
6    USD_CAD 2024-08-06 08:02:14.625406+00:00    1.38365    1.38346
2024-08-06 10:02:35 
2024-08-06 10:02:35 
  instrument                             time        ask        bid
0    EUR_USD 2024-08-06 08:02:35.020461+00:00    1.09245    1.09238
1    GBP_JPY 2024-08-06 08:02:34.411185+00:00  185.11000  185.07100
2    EUR_JPY 2024-08-06 08:02:34.558538+00:00  158.77000  158.73800
3    USD_JPY 2024-08-06 08:02:34.904836+00:00  145.33400  145.31400
4    GBP_USD 2024-08-06 08:02:34.943487+00:00    1.27372    1.27360
5    EUR_GBP 2024-08-06 08:02:34.461526+00:00    0.85775    0.85765
6    USD_CAD 2024-08-06 08:02:33.918463+00:00    1.38363    1.38343
2024-08-06 10:02:55 
2024-08-06 10:02:55 
  instrument                             time        ask        bid
0    EUR_USD 2024-08-06 08:02:54.662144+00:00    1.09234    1.09226
1    GBP_JPY 2024-08-06 08:02:55.098185+00:00  185.07500  185.03900
2    EUR_JPY 2024-08-06 08:02:55.251671+00:00  158.72800  158.70300
3    USD_JPY 2024-08-06 08:02:54.950984+00:00  145.31700  145.29900
4    GBP_USD 2024-08-06 08:02:54.976184+00:00    1.27363    1.27352
5    EUR_GBP 2024-08-06 08:02:55.071261+00:00    0.85771    0.85762
6    USD_CAD 2024-08-06 08:02:54.295769+00:00    1.38368    1.38347
2024-08-06 10:03:15 
2024-08-06 10:03:15 
  instrument                             time        ask        bid
0    EUR_USD 2024-08-06 08:03:15.123767+00:00    1.09242    1.09235
1    GBP_JPY 2024-08-06 08:03:15.119196+00:00  185.16200  185.12700
2    EUR_JPY 2024-08-06 08:03:15.103328+00:00  158.80100  158.77100
3    USD_JPY 2024-08-06 08:03:15.111741+00:00  145.36800  145.34500
4    GBP_USD 2024-08-06 08:03:15.109994+00:00    1.27377    1.27365
5    EUR_GBP 2024-08-06 08:03:15.391013+00:00    0.85771    0.85761
6    USD_CAD 2024-08-06 08:03:14.856199+00:00    1.38349    1.38327
2024-08-06 10:03:35 
2024-08-06 10:03:35 
  instrument                             time        ask        bid
0    EUR_USD 2024-08-06 08:03:35.262936+00:00    1.09246    1.09238
1    GBP_JPY 2024-08-06 08:03:35.182509+00:00  185.14900  185.10600
2    EUR_JPY 2024-08-06 08:03:35.090580+00:00  158.79000  158.75900
3    USD_JPY 2024-08-06 08:03:35.177362+00:00  145.35200  145.33400
4    GBP_USD 2024-08-06 08:03:34.912708+00:00    1.27382    1.27369
5    EUR_GBP 2024-08-06 08:03:35.054081+00:00    0.85770    0.85760
6    USD_CAD 2024-08-06 08:03:35.199737+00:00    1.38355    1.38334
2024-08-06 10:03:55 
2024-08-06 10:03:55 
  instrument                             time        ask        bid
0    EUR_USD 2024-08-06 08:03:55.606999+00:00    1.09241    1.09233
1    GBP_JPY 2024-08-06 08:03:55.315280+00:00  185.15800  185.11800
2    EUR_JPY 2024-08-06 08:03:55.278646+00:00  158.79400  158.76400
3    USD_JPY 2024-08-06 08:03:55.329240+00:00  145.35600  145.33900
4    GBP_USD 2024-08-06 08:03:55.270659+00:00    1.27382    1.27370
5    EUR_GBP 2024-08-06 08:03:55.198403+00:00    0.85765    0.85755
6    USD_CAD 2024-08-06 08:03:54.692728+00:00    1.38357    1.38337
2024-08-06 10:04:15 
2024-08-06 10:04:15 
  instrument                             time        ask        bid
0    EUR_USD 2024-08-06 08:04:15.510540+00:00    1.09229    1.09222
1    GBP_JPY 2024-08-06 08:04:15.464478+00:00  185.07200  185.03700
2    EUR_JPY 2024-08-06 08:04:15.406196+00:00  158.73600  158.70600
3    USD_JPY 2024-08-06 08:04:14.886659+00:00  145.32800  145.30600
4    GBP_USD 2024-08-06 08:04:15.479212+00:00    1.27354    1.27342
5    EUR_GBP 2024-08-06 08:04:15.462913+00:00    0.85774    0.85765
6    USD_CAD 2024-08-06 08:04:15.388695+00:00    1.38366    1.38346
2024-08-06 10:04:35 
2024-08-06 10:04:35 
  instrument                             time        ask        bid
0    EUR_USD 2024-08-06 08:04:35.909222+00:00    1.09216    1.09208
1    GBP_JPY 2024-08-06 08:04:35.655175+00:00  184.98200  184.94100
2    EUR_JPY 2024-08-06 08:04:35.459238+00:00  158.66300  158.63500
3    USD_JPY 2024-08-06 08:04:35.587682+00:00  145.27800  145.25700
4    GBP_USD 2024-08-06 08:04:35.650268+00:00    1.27331    1.27319
5    EUR_GBP 2024-08-06 08:04:35.072885+00:00    0.85780    0.85770
6    USD_CAD 2024-08-06 08:04:33.914317+00:00    1.38366    1.38346
2024-08-06 10:04:55 
2024-08-06 10:04:55 
  instrument                             time        ask        bid
0    EUR_USD 2024-08-06 08:04:55.722224+00:00    1.09230    1.09222
1    GBP_JPY 2024-08-06 08:04:55.529680+00:00  184.93600  184.89800
2    EUR_JPY 2024-08-06 08:04:55.386570+00:00  158.63100  158.60300
3    USD_JPY 2024-08-06 08:04:55.633934+00:00  145.23000  145.20700
4    GBP_USD 2024-08-06 08:04:53.251170+00:00    1.27345    1.27332
5    EUR_GBP 2024-08-06 08:04:55.898032+00:00    0.85782    0.85774
6    USD_CAD 2024-08-06 08:04:55.517453+00:00    1.38368    1.38349
2024-08-06 10:05:15 
2024-08-06 10:05:15 
  instrument                             time        ask        bid
0    EUR_USD 2024-08-06 08:05:15.794815+00:00    1.09200    1.09192
1    GBP_JPY 2024-08-06 08:05:15.667646+00:00  184.80600  184.77000
2    EUR_JPY 2024-08-06 08:05:15.588614+00:00  158.51100  158.48300
3    USD_JPY 2024-08-06 08:05:15.233032+00:00  145.14500  145.12600
4    GBP_USD 2024-08-06 08:05:15.061117+00:00    1.27326    1.27312
5    EUR_GBP 2024-08-06 08:05:15.368446+00:00    0.85775    0.85765
6    USD_CAD 2024-08-06 08:05:15.523375+00:00    1.38383    1.38363
